#
# A fatal error has been detected by the Java Runtime Environment:
#
#  SIGSEGV (0xb) at pc=0x0000782f2427f183, pid=321027, tid=0x0000782f237146c0
#
# JRE version: Java(TM) SE Runtime Environment (8.0_401) (build 1.8.0_401-b10)
# Java VM: Java HotSpot(TM) 64-Bit Server VM (25.401-b10 mixed mode linux-amd64 compressed oops)
# Problematic frame:
# V  [libjvm.so+0xa7f183]  Unsafe_GetNativeInt+0xd3
#
# Core dump written. Default location: /root/IdeaProjects/MemoryUtils/core or core.321027
#
# If you would like to submit a bug report, please visit:
#   http://bugreport.java.com/bugreport/crash.jsp
#

---------------  T H R E A D  ---------------

Current thread (0x0000782f1c00a800):  JavaThread "main" [_thread_in_vm, id=321029, stack(0x0000782f23615000,0x0000782f23715000)]

siginfo: si_signo: 11 (SIGSEGV), si_code: 1 (SEGV_MAPERR), si_addr: 0x0000000000000000

Registers:
RAX=0x0000782f1c00a800, RBX=0x0000000000000000, RCX=0x0000782f247e3780, RDX=0x0000782f1c00a800
RSP=0x0000782f23713630, RBP=0x0000782f23713660, RSI=0x0000000000000001, RDI=0x0000000000000000
R8 =0x0000782f1c13d300, R9 =0x0000000000000004, R10=0x0000782f0d3e73b8, R11=0x0000782f0d3e7398
R12=0x0000782f1c00a800, R13=0x0000782f237136d0, R14=0x0000782f245a7864, R15=0x0000782f1c00a800
RIP=0x0000782f2427f183, EFLAGS=0x0000000000010246, CSGSFS=0x002b000000000033, ERR=0x0000000000000004
  TRAPNO=0x000000000000000e

Top of Stack: (sp=0x0000782f23713630)
0x0000782f23713630:   00000007c000df30 0000782f0687ed90
0x0000782f23713640:   0000000000000000 0000782f237136d0
0x0000782f23713650:   0000782f23713768 0000782f1c00a800
0x0000782f23713660:   0000782f237136b0 0000782f0d3e7428
0x0000782f23713670:   0000000718f889d8 0000782f237136c8
0x0000782f23713680:   0000782f06c44f38 00000000000000b6
0x0000782f23713690:   0000000000000000 0000782f06c894e4
0x0000782f237136a0:   0000782f23713768 0000782f1c00a800
0x0000782f237136b0:   0000782f23713730 0000782f0d007d80
0x0000782f237136c0:   000000071f6c9510 0000782f0d007d80
0x0000782f237136d0:   0000000000000000 0000782f0d023be4
0x0000782f237136e0:   0000000718f889d8 000000071f6d7750
0x0000782f237136f0:   0000782f237136f0 0000782f06c894e4
0x0000782f23713700:   0000782f23713768 0000782f06c89a00
0x0000782f23713710:   0000000000000000 0000782f06c89530
0x0000782f23713720:   0000782f237136d0 0000782f23713748
0x0000782f23713730:   0000782f237137b0 0000782f0d00833d
0x0000782f23713740:   0000000719d07198 0000000000000004
0x0000782f23713750:   0000782f0d023b9f 0000000000000000
0x0000782f23713760:   0000000000000000 000000071f6d7750
0x0000782f23713770:   0000782f23713770 0000782f06c88cad
0x0000782f23713780:   0000782f237137d0 0000782f06c89d08
0x0000782f23713790:   0000000000000000 0000782f06c88cd0
0x0000782f237137a0:   0000782f23713748 0000782f237137c0
0x0000782f237137b0:   0000782f23713828 0000782f0d00833d
0x0000782f237137c0:   0000000000000000 0000000718f889d8
0x0000782f237137d0:   000000071f6d7750 000000071f6d7750
0x0000782f237137e0:   000000071f6c5af0 0000782f237137e8
0x0000782f237137f0:   0000782f06c60aae 0000782f23713860
0x0000782f23713800:   0000782f06c84908 0000000000000000
0x0000782f23713810:   0000782f06c60b08 0000782f237137c0
0x0000782f23713820:   0000782f23713850 0000782f237138a8 

Instructions: (pc=0x0000782f2427f183)
0x0000782f2427f163:   8d 05 df c7 2e 00 41 c7 84 24 78 02 00 00 06 00
0x0000782f2427f173:   00 00 8b 38 e8 f4 17 78 ff c6 80 9c 02 00 00 01
0x0000782f2427f183:   44 8b 2b c6 80 9c 02 00 00 00 49 8b 5c 24 48 48
0x0000782f2427f193:   8b 43 10 4c 8b 7b 08 48 83 38 00 74 19 48 8b 73 

Register to memory mapping:

RAX=0x0000782f1c00a800 is a thread
RBX=0x0000000000000000 is an unknown value
RCX=0x0000782f247e3780: __pthread_keys+0 in /usr/lib/libc.so.6 at 0x0000782f245ff000
RDX=0x0000782f1c00a800 is a thread
RSP=0x0000782f23713630 is pointing into the stack for thread: 0x0000782f1c00a800
RBP=0x0000782f23713660 is pointing into the stack for thread: 0x0000782f1c00a800
RSI=0x0000000000000001 is an unknown value
RDI=0x0000000000000000 is an unknown value
R8 =0x0000782f1c13d300 is an unknown value
R9 =0x0000000000000004 is an unknown value
R10=0x0000782f0d3e73b8 is at entry_point+56 in (nmethod*)0x0000782f0d3e7210
R11=0x0000782f0d3e7398 is at entry_point+24 in (nmethod*)0x0000782f0d3e7210
R12=0x0000782f1c00a800 is a thread
R13=0x0000782f237136d0 is pointing into the stack for thread: 0x0000782f1c00a800
R14=0x0000782f245a7864: <offset 0xda7864> in /usr/lib/jvm/java-8-jdk/jre/lib/amd64/server/libjvm.so at 0x0000782f23800000
R15=0x0000782f1c00a800 is a thread


Stack: [0x0000782f23615000,0x0000782f23715000],  sp=0x0000782f23713630,  free space=1017k
Native frames: (J=compiled Java code, j=interpreted, Vv=VM code, C=native code)
V  [libjvm.so+0xa7f183]  Unsafe_GetNativeInt+0xd3
J 324  sun.misc.Unsafe.getInt(J)I (0 bytes) @ 0x0000782f0d3e7428 [0x0000782f0d3e7380+0xa8]
j  miku.lib.jvm.hotspot.utilities.GenericArray.<init>(JJ)V+28
j  miku.lib.jvm.hotspot.utilities.U2Array.<init>(J)V+5
j  miku.lib.jvm.hotspot.oops.InstanceKlass.<init>(J)V+62
j  miku.lib.jvm.hotspot.oops.InstanceKlass.<init>(Ljava/lang/Class;)V+75
j  miku.lib.jvm.hotspot.oops.Klass.getKlass(Ljava/lang/Class;)Lmiku/lib/jvm/hotspot/oops/Klass;+26
j  Test.main([Ljava/lang/String;)V+10
v  ~StubRoutines::call_stub
V  [libjvm.so+0x67d20d]  JavaCalls::call_helper(JavaValue*, methodHandle*, JavaCallArguments*, Thread*)+0xc9d
V  [libjvm.so+0x6cea15]  jni_invoke_static(JNIEnv_*, JavaValue*, _jobject*, JNICallType, _jmethodID*, JNI_ArgumentPusher*, Thread*) [clone .constprop.1]+0x285
V  [libjvm.so+0x6d0d27]  jni_CallStaticVoidMethod+0x167
C  [libjli.so+0x7f3d]  JavaMain+0x47d
C  [libc.so.6+0x92ded]
C  [libc.so.6+0x1160dc]

Java frames: (J=compiled Java code, j=interpreted, Vv=VM code)
J 324  sun.misc.Unsafe.getInt(J)I (0 bytes) @ 0x0000782f0d3e73b8 [0x0000782f0d3e7380+0x38]
j  miku.lib.jvm.hotspot.utilities.GenericArray.<init>(JJ)V+28
j  miku.lib.jvm.hotspot.utilities.U2Array.<init>(J)V+5
j  miku.lib.jvm.hotspot.oops.InstanceKlass.<init>(J)V+62
j  miku.lib.jvm.hotspot.oops.InstanceKlass.<init>(Ljava/lang/Class;)V+75
j  miku.lib.jvm.hotspot.oops.Klass.getKlass(Ljava/lang/Class;)Lmiku/lib/jvm/hotspot/oops/Klass;+26
j  Test.main([Ljava/lang/String;)V+10
v  ~StubRoutines::call_stub

---------------  P R O C E S S  ---------------

Java Threads: ( => current thread )
  0x0000782f1c111800 JavaThread "Service Thread" daemon [_thread_blocked, id=321082, stack(0x0000782ef78fa000,0x0000782ef79fa000)]
  0x0000782f1c10c800 JavaThread "C1 CompilerThread14" daemon [_thread_blocked, id=321081, stack(0x0000782ef79fb000,0x0000782ef7afb000)]
  0x0000782f1c10a800 JavaThread "C1 CompilerThread13" daemon [_thread_blocked, id=321080, stack(0x0000782ef7afc000,0x0000782ef7bfc000)]
  0x0000782f1c108800 JavaThread "C1 CompilerThread12" daemon [_thread_blocked, id=321079, stack(0x0000782ef7bfd000,0x0000782ef7cfd000)]
  0x0000782f1c106800 JavaThread "C1 CompilerThread11" daemon [_thread_blocked, id=321078, stack(0x0000782ef7cfe000,0x0000782ef7dfe000)]
  0x0000782f1c104000 JavaThread "C1 CompilerThread10" daemon [_thread_blocked, id=321077, stack(0x0000782ef7dff000,0x0000782ef7eff000)]
  0x0000782f1c102000 JavaThread "C2 CompilerThread9" daemon [_thread_blocked, id=321076, stack(0x0000782ef7f00000,0x0000782ef8000000)]
  0x0000782f1c100000 JavaThread "C2 CompilerThread8" daemon [_thread_blocked, id=321075, stack(0x0000782efc0f8000,0x0000782efc1f8000)]
  0x0000782f1c0fe800 JavaThread "C2 CompilerThread7" daemon [_thread_blocked, id=321074, stack(0x0000782efc1f9000,0x0000782efc2f9000)]
  0x0000782f1c0fc800 JavaThread "C2 CompilerThread6" daemon [_thread_blocked, id=321073, stack(0x0000782efc2fa000,0x0000782efc3fa000)]
  0x0000782f1c0fa800 JavaThread "C2 CompilerThread5" daemon [_thread_blocked, id=321072, stack(0x0000782efc3fb000,0x0000782efc4fb000)]
  0x0000782f1c0f8800 JavaThread "C2 CompilerThread4" daemon [_thread_blocked, id=321071, stack(0x0000782efc4fc000,0x0000782efc5fc000)]
  0x0000782f1c0f6000 JavaThread "C2 CompilerThread3" daemon [_thread_blocked, id=321070, stack(0x0000782efc5fd000,0x0000782efc6fd000)]
  0x0000782f1c0f4000 JavaThread "C2 CompilerThread2" daemon [_thread_blocked, id=321069, stack(0x0000782efc6fe000,0x0000782efc7fe000)]
  0x0000782f1c0f2000 JavaThread "C2 CompilerThread1" daemon [_thread_blocked, id=321068, stack(0x0000782efc7ff000,0x0000782efc8ff000)]
  0x0000782f1c0ef800 JavaThread "C2 CompilerThread0" daemon [_thread_blocked, id=321067, stack(0x0000782efc900000,0x0000782efca00000)]
  0x0000782f1c0eb000 JavaThread "Signal Dispatcher" daemon [_thread_blocked, id=321066, stack(0x0000782efd129000,0x0000782efd229000)]
  0x0000782f1c0bb000 JavaThread "Finalizer" daemon [_thread_blocked, id=321061, stack(0x0000782efd229000,0x0000782efd329000)]
  0x0000782f1c0b6800 JavaThread "Reference Handler" daemon [_thread_blocked, id=321060, stack(0x0000782efd329000,0x0000782efd429000)]
=>0x0000782f1c00a800 JavaThread "main" [_thread_in_vm, id=321029, stack(0x0000782f23615000,0x0000782f23715000)]

Other Threads:
  0x0000782f1c0ac800 VMThread [stack: 0x0000782efd42a000,0x0000782efd52a000] [id=321058]
  0x0000782f1c117800 WatcherThread [stack: 0x0000782ef77fa000,0x0000782ef78fa000] [id=321083]

VM state:not at safepoint (normal execution)

VM Mutex/Monitor currently owned by a thread: None

heap address: 0x00000005cae00000, size: 8018 MB, Compressed Oops mode: Zero based, Oop shift amount: 3
Narrow klass base: 0x0000000000000000, Narrow klass shift: 3
Compressed class space size: 1073741824 Address: 0x00000007c0000000

Heap:
 PSYoungGen      total 150016K, used 106992K [0x0000000718f80000, 0x0000000723680000, 0x00000007c0000000)
  eden space 129024K, 82% used [0x0000000718f80000,0x000000071f7fc398,0x0000000720d80000)
  from space 20992K, 0% used [0x0000000722200000,0x0000000722200000,0x0000000723680000)
  to   space 20992K, 0% used [0x0000000720d80000,0x0000000720d80000,0x0000000722200000)
 ParOldGen       total 343040K, used 0K [0x00000005cae00000, 0x00000005dfd00000, 0x0000000718f80000)
  object space 343040K, 0% used [0x00000005cae00000,0x00000005cae00000,0x00000005dfd00000)
 Metaspace       used 4968K, capacity 5252K, committed 5504K, reserved 1056768K
  class space    used 545K, capacity 604K, committed 640K, reserved 1048576K

Card table byte_map: [0x0000782f22200000,0x0000782f231aa000] byte_map_base: 0x0000782f1f3a9000

Marking Bits: (ParMarkBitMap*) 0x0000782f245a66a0
 Begin Bits: [0x0000782e74c00000, 0x0000782e7c948000)
 End Bits:   [0x0000782e7c948000, 0x0000782e84690000)

Polling page: 0x0000782f24814000

CodeCache: size=245760Kb used=4508Kb max_used=4508Kb free=241251Kb
 bounds [0x0000782f0d000000, 0x0000782f0d470000, 0x0000782f1c000000]
 total_blobs=771 nmethods=481 adapters=200
 compilation: enabled

Compilation events (10 events):
Event: 0.624 Thread 0x0000782f1c106800 nmethod 476 0x0000782f0d45e590 code [0x0000782f0d45e900, 0x0000782f0d460558]
Event: 0.624 Thread 0x0000782f1c10c800 nmethod 475 0x0000782f0d464890 code [0x0000782f0d464be0, 0x0000782f0d4665f8]
Event: 0.625 Thread 0x0000782f1c0f6000 nmethod 463 0x0000782f0d4674d0 code [0x0000782f0d467640, 0x0000782f0d467bf8]
Event: 0.625 Thread 0x0000782f1c0fe800 nmethod 470 0x0000782f0d467f90 code [0x0000782f0d4680e0, 0x0000782f0d4682d8]
Event: 0.626 Thread 0x0000782f1c10a800  480       3       sun.net.www.ParseUtil::encodePath (336 bytes)
Event: 0.626 Thread 0x0000782f1c104000  479       3       java.util.BitSet::get (69 bytes)
Event: 0.626 Thread 0x0000782f1c104000 nmethod 479 0x0000782f0d4634d0 code [0x0000782f0d4636e0, 0x0000782f0d464068]
Event: 0.627 Thread 0x0000782f1c10a800 nmethod 480 0x0000782f0d461b10 code [0x0000782f0d461d80, 0x0000782f0d462d38]
Event: 0.627 Thread 0x0000782f1c10a800  481       3       java.io.File::isInvalid (53 bytes)
Event: 0.627 Thread 0x0000782f1c10a800 nmethod 481 0x0000782f0d468410 code [0x0000782f0d4685a0, 0x0000782f0d468ac8]

GC Heap History (0 events):
No events

Deoptimization events (5 events):
Event: 0.176 Thread 0x0000782f1c00a800 Uncommon trap: reason=null_check action=make_not_entrant pc=0x0000782f0d3c54b4 method=java.lang.String.equals(Ljava/lang/Object;)Z @ 8
Event: 0.204 Thread 0x0000782f1c00a800 Uncommon trap: reason=loop_limit_check action=maybe_recompile pc=0x0000782f0d3dbde8 method=java.lang.String.equals(Ljava/lang/Object;)Z @ 56
Event: 0.221 Thread 0x0000782f1c00a800 Uncommon trap: reason=unstable_if action=reinterpret pc=0x0000782f0d3fd124 method=java.lang.String.<init>([CII)V @ 18
Event: 0.445 Thread 0x0000782f1c00a800 Uncommon trap: reason=unstable_if action=reinterpret pc=0x0000782f0d4328e8 method=net.fornwall.jelf.ElfStringTable.<init>(Lnet/fornwall/jelf/ElfParser;JILnet/fornwall/jelf/ElfSectionHeader;)V @ 104
Event: 0.615 Thread 0x0000782f1c00a800 Uncommon trap: reason=unstable_if action=reinterpret pc=0x0000782f0d41092c method=java.lang.String.replace(CC)Ljava/lang/String; @ 26

Classes redefined (0 events):
No events

Internal exceptions (10 events):
Event: 0.101 Thread 0x0000782f1c00a800 Exception <a 'sun/nio/fs/UnixException'> (0x0000000719026fd8) thrown at [/scratch/jenkins/workspace/8-2-build-linux-x64-sans-NAS/jdk8u401/683/hotspot/src/share/vm/prims/jni.cpp, line 710]
Event: 0.153 Thread 0x0000782f1c00a800 Exception <a 'java/lang/NoSuchFieldError': method resolution failed> (0x0000000719109e90) thrown at [/scratch/jenkins/workspace/8-2-build-linux-x64-sans-NAS/jdk8u401/683/hotspot/src/share/vm/prims/methodHandles.cpp, line 1188]
Event: 0.155 Thread 0x0000782f1c00a800 Exception <a 'java/lang/NoSuchFieldError': method resolution failed> (0x0000000719117678) thrown at [/scratch/jenkins/workspace/8-2-build-linux-x64-sans-NAS/jdk8u401/683/hotspot/src/share/vm/prims/methodHandles.cpp, line 1188]
Event: 0.174 Thread 0x0000782f1c00a800 Exception <a 'java/security/PrivilegedActionException'> (0x0000000719193678) thrown at [/scratch/jenkins/workspace/8-2-build-linux-x64-sans-NAS/jdk8u401/683/hotspot/src/share/vm/prims/jvm.cpp, line 1511]
Event: 0.174 Thread 0x0000782f1c00a800 Exception <a 'java/security/PrivilegedActionException'> (0x0000000719193888) thrown at [/scratch/jenkins/workspace/8-2-build-linux-x64-sans-NAS/jdk8u401/683/hotspot/src/share/vm/prims/jvm.cpp, line 1511]
Event: 0.176 Thread 0x0000782f1c00a800 Implicit null exception at 0x0000782f0d3c5286 to 0x0000782f0d3c54a5
Event: 0.218 Thread 0x0000782f1c00a800 Exception <a 'java/io/IOException'> (0x0000000719d293e0) thrown at [/scratch/jenkins/workspace/8-2-build-linux-x64-sans-NAS/jdk8u401/683/hotspot/src/share/vm/prims/jni.cpp, line 710]
Event: 0.220 Thread 0x0000782f1c00a800 Exception <a 'java/io/IOException'> (0x0000000719d39588) thrown at [/scratch/jenkins/workspace/8-2-build-linux-x64-sans-NAS/jdk8u401/683/hotspot/src/share/vm/prims/jni.cpp, line 710]
Event: 0.222 Thread 0x0000782f1c00a800 Exception <a 'java/io/IOException'> (0x0000000719d48d20) thrown at [/scratch/jenkins/workspace/8-2-build-linux-x64-sans-NAS/jdk8u401/683/hotspot/src/share/vm/prims/jni.cpp, line 710]
Event: 0.223 Thread 0x0000782f1c00a800 Exception <a 'java/io/IOException'> (0x0000000719d58968) thrown at [/scratch/jenkins/workspace/8-2-build-linux-x64-sans-NAS/jdk8u401/683/hotspot/src/share/vm/prims/jni.cpp, line 710]

Events (10 events):
Event: 0.628 loading class miku/lib/jvm/hotspot/classfile/ClassLoaderData
Event: 0.628 loading class miku/lib/jvm/hotspot/classfile/ClassLoaderData done
Event: 0.628 loading class miku/lib/jvm/hotspot/utilities/U2Array
Event: 0.628 loading class miku/lib/jvm/hotspot/utilities/U2Array done
Event: 0.628 loading class miku/lib/jvm/hotspot/utilities/GenericArray
Event: 0.628 loading class miku/lib/jvm/hotspot/utilities/GenericArray done
Event: 0.628 loading class java/lang/ArrayIndexOutOfBoundsException
Event: 0.628 loading class java/lang/IndexOutOfBoundsException
Event: 0.628 loading class java/lang/IndexOutOfBoundsException done
Event: 0.628 loading class java/lang/ArrayIndexOutOfBoundsException done


Dynamic libraries:
5cae00000-5dfd00000 rw-p 00000000 00:00 0 
5dfd00000-718f80000 ---p 00000000 00:00 0 
718f80000-723680000 rw-p 00000000 00:00 0 
723680000-7c0000000 ---p 00000000 00:00 0 
7c0000000-7c00a0000 rw-p 00000000 00:00 0 
7c00a0000-800000000 ---p 00000000 00:00 0 
591592ee7000-591592ee8000 r-xp 00000000 00:1a 52422101                   /usr/lib/jvm/java-8-jdk/jre/bin/java
591592ee8000-591592ee9000 r--p 00000000 00:1a 52422101                   /usr/lib/jvm/java-8-jdk/jre/bin/java
591592ee9000-591592eea000 rw-p 00001000 00:1a 52422101                   /usr/lib/jvm/java-8-jdk/jre/bin/java
5915cfcba000-5915cfcdb000 rw-p 00000000 00:00 0                          [heap]
782da4000000-782da4021000 rw-p 00000000 00:00 0 
782da4021000-782da8000000 ---p 00000000 00:00 0 
782da8000000-782da8021000 rw-p 00000000 00:00 0 
782da8021000-782dac000000 ---p 00000000 00:00 0 
782db0000000-782db00ac000 rw-p 00000000 00:00 0 
782db00ac000-782db4000000 ---p 00000000 00:00 0 
782db4000000-782db40cc000 rw-p 00000000 00:00 0 
782db40cc000-782db8000000 ---p 00000000 00:00 0 
782dbc000000-782dbc0c5000 rw-p 00000000 00:00 0 
782dbc0c5000-782dc0000000 ---p 00000000 00:00 0 
782dc0000000-782dc007f000 rw-p 00000000 00:00 0 
782dc007f000-782dc4000000 ---p 00000000 00:00 0 
782dc8000000-782dc808c000 rw-p 00000000 00:00 0 
782dc808c000-782dcc000000 ---p 00000000 00:00 0 
782dcc000000-782dcc0b9000 rw-p 00000000 00:00 0 
782dcc0b9000-782dd0000000 ---p 00000000 00:00 0 
782dd4000000-782dd40b3000 rw-p 00000000 00:00 0 
782dd40b3000-782dd8000000 ---p 00000000 00:00 0 
782dd8000000-782dd8021000 rw-p 00000000 00:00 0 
782dd8021000-782ddc000000 ---p 00000000 00:00 0 
782de0000000-782de0021000 rw-p 00000000 00:00 0 
782de0021000-782de4000000 ---p 00000000 00:00 0 
782de4000000-782de40d2000 rw-p 00000000 00:00 0 
782de40d2000-782de8000000 ---p 00000000 00:00 0 
782dec000000-782dec06b000 rw-p 00000000 00:00 0 
782dec06b000-782df0000000 ---p 00000000 00:00 0 
782df0000000-782df0314000 rw-p 00000000 00:00 0 
782df0314000-782df4000000 ---p 00000000 00:00 0 
782df8000000-782df8021000 rw-p 00000000 00:00 0 
782df8021000-782dfc000000 ---p 00000000 00:00 0 
782dfc000000-782dfc027000 rw-p 00000000 00:00 0 
782dfc027000-782e00000000 ---p 00000000 00:00 0 
782e04000000-782e0414e000 rw-p 00000000 00:00 0 
782e0414e000-782e08000000 ---p 00000000 00:00 0 
782e08000000-782e08021000 rw-p 00000000 00:00 0 
782e08021000-782e0c000000 ---p 00000000 00:00 0 
782e10000000-782e10021000 rw-p 00000000 00:00 0 
782e10021000-782e14000000 ---p 00000000 00:00 0 
782e14000000-782e14021000 rw-p 00000000 00:00 0 
782e14021000-782e18000000 ---p 00000000 00:00 0 
782e1c000000-782e1c021000 rw-p 00000000 00:00 0 
782e1c021000-782e20000000 ---p 00000000 00:00 0 
782e20000000-782e20021000 rw-p 00000000 00:00 0 
782e20021000-782e24000000 ---p 00000000 00:00 0 
782e28000000-782e28021000 rw-p 00000000 00:00 0 
782e28021000-782e2c000000 ---p 00000000 00:00 0 
782e30000000-782e30021000 rw-p 00000000 00:00 0 
782e30021000-782e34000000 ---p 00000000 00:00 0 
782e38000000-782e38021000 rw-p 00000000 00:00 0 
782e38021000-782e3c000000 ---p 00000000 00:00 0 
782e40000000-782e40021000 rw-p 00000000 00:00 0 
782e40021000-782e44000000 ---p 00000000 00:00 0 
782e48000000-782e48021000 rw-p 00000000 00:00 0 
782e48021000-782e4c000000 ---p 00000000 00:00 0 
782e50000000-782e50021000 rw-p 00000000 00:00 0 
782e50021000-782e54000000 ---p 00000000 00:00 0 
782e58000000-782e58021000 rw-p 00000000 00:00 0 
782e58021000-782e5c000000 ---p 00000000 00:00 0 
782e60000000-782e60021000 rw-p 00000000 00:00 0 
782e60021000-782e64000000 ---p 00000000 00:00 0 
782e68000000-782e68021000 rw-p 00000000 00:00 0 
782e68021000-782e6c000000 ---p 00000000 00:00 0 
782e70000000-782e70021000 rw-p 00000000 00:00 0 
782e70021000-782e74000000 ---p 00000000 00:00 0 
782e74c00000-782e84690000 rw-p 00000000 00:00 0 
782e88000000-782e88021000 rw-p 00000000 00:00 0 
782e88021000-782e8c000000 ---p 00000000 00:00 0 
782e90000000-782e90021000 rw-p 00000000 00:00 0 
782e90021000-782e94000000 ---p 00000000 00:00 0 
782e98000000-782e98021000 rw-p 00000000 00:00 0 
782e98021000-782e9c000000 ---p 00000000 00:00 0 
782ea0000000-782ea0021000 rw-p 00000000 00:00 0 
782ea0021000-782ea4000000 ---p 00000000 00:00 0 
782ea8000000-782ea8021000 rw-p 00000000 00:00 0 
782ea8021000-782eac000000 ---p 00000000 00:00 0 
782eb0000000-782eb0021000 rw-p 00000000 00:00 0 
782eb0021000-782eb4000000 ---p 00000000 00:00 0 
782eb8000000-782eb8021000 rw-p 00000000 00:00 0 
782eb8021000-782ebc000000 ---p 00000000 00:00 0 
782ec0000000-782ec0021000 rw-p 00000000 00:00 0 
782ec0021000-782ec4000000 ---p 00000000 00:00 0 
782ec8000000-782ec8021000 rw-p 00000000 00:00 0 
782ec8021000-782ecc000000 ---p 00000000 00:00 0 
782ed0000000-782ed0021000 rw-p 00000000 00:00 0 
782ed0021000-782ed4000000 ---p 00000000 00:00 0 
782ed8000000-782ed8021000 rw-p 00000000 00:00 0 
782ed8021000-782edc000000 ---p 00000000 00:00 0 
782ee0000000-782ee0021000 rw-p 00000000 00:00 0 
782ee0021000-782ee4000000 ---p 00000000 00:00 0 
782ee8000000-782ee8021000 rw-p 00000000 00:00 0 
782ee8021000-782eec000000 ---p 00000000 00:00 0 
782ef0000000-782ef0021000 rw-p 00000000 00:00 0 
782ef0021000-782ef4000000 ---p 00000000 00:00 0 
782ef5c9d000-782ef5e00000 r--s 0151f000 00:1a 74303540                   /root/.gradle/caches/modules-2/files-2.1/it.unimi.dsi/fastutil/8.5.13/7d1178e207e85b8990347d30f9d1d620cad858f4/fastutil-8.5.13.jar
782ef5e00000-782ef7601000 rw-p 00000000 00:00 0 
782ef766f000-782ef77f9000 r--s 07cf7000 00:1a 75140573                   /root/IdeaProjects/MemoryUtils/libs/Behinder.jar
782ef77f9000-782ef77fa000 ---p 00000000 00:00 0 
782ef77fa000-782ef78fa000 rw-p 00000000 00:00 0 
782ef78fa000-782ef78fd000 ---p 00000000 00:00 0 
782ef78fd000-782ef79fa000 rw-p 00000000 00:00 0 
782ef79fa000-782ef79fb000 ---p 00000000 00:00 0 
782ef79fb000-782ef79fe000 ---p 00000000 00:00 0 
782ef79fe000-782ef7afb000 rw-p 00000000 00:00 0 
782ef7afb000-782ef7afc000 ---p 00000000 00:00 0 
782ef7afc000-782ef7aff000 ---p 00000000 00:00 0 
782ef7aff000-782ef7bfc000 rw-p 00000000 00:00 0 
782ef7bfc000-782ef7bfd000 ---p 00000000 00:00 0 
782ef7bfd000-782ef7c00000 ---p 00000000 00:00 0 
782ef7c00000-782ef7cfd000 rw-p 00000000 00:00 0 
782ef7cfd000-782ef7cfe000 ---p 00000000 00:00 0 
782ef7cfe000-782ef7d01000 ---p 00000000 00:00 0 
782ef7d01000-782ef7dfe000 rw-p 00000000 00:00 0 
782ef7dfe000-782ef7dff000 ---p 00000000 00:00 0 
782ef7dff000-782ef7e02000 ---p 00000000 00:00 0 
782ef7e02000-782ef7eff000 rw-p 00000000 00:00 0 
782ef7eff000-782ef7f00000 ---p 00000000 00:00 0 
782ef7f00000-782ef7f03000 ---p 00000000 00:00 0 
782ef7f03000-782ef8000000 rw-p 00000000 00:00 0 
782ef8000000-782ef8021000 rw-p 00000000 00:00 0 
782ef8021000-782efc000000 ---p 00000000 00:00 0 
782efc02b000-782efc04d000 r--p 00000000 00:1a 69145929                   /usr/share/locale/zh_CN/LC_MESSAGES/libc.mo
782efc04d000-782efc0c7000 r--s 01101000 00:1a 52422470                   /usr/lib/jvm/java-8-jdk/lib/tools.jar
782efc0c7000-782efc0f7000 r--s 00225000 00:1a 74237337                   /root/IdeaProjects/MemoryUtils/libs/sa-jdi.jar
782efc0f7000-782efc0f8000 ---p 00000000 00:00 0 
782efc0f8000-782efc0fb000 ---p 00000000 00:00 0 
782efc0fb000-782efc1f8000 rw-p 00000000 00:00 0 
782efc1f8000-782efc1f9000 ---p 00000000 00:00 0 
782efc1f9000-782efc1fc000 ---p 00000000 00:00 0 
782efc1fc000-782efc2f9000 rw-p 00000000 00:00 0 
782efc2f9000-782efc2fa000 ---p 00000000 00:00 0 
782efc2fa000-782efc2fd000 ---p 00000000 00:00 0 
782efc2fd000-782efc3fa000 rw-p 00000000 00:00 0 
782efc3fa000-782efc3fb000 ---p 00000000 00:00 0 
782efc3fb000-782efc3fe000 ---p 00000000 00:00 0 
782efc3fe000-782efc4fb000 rw-p 00000000 00:00 0 
782efc4fb000-782efc4fc000 ---p 00000000 00:00 0 
782efc4fc000-782efc4ff000 ---p 00000000 00:00 0 
782efc4ff000-782efc5fc000 rw-p 00000000 00:00 0 
782efc5fc000-782efc5fd000 ---p 00000000 00:00 0 
782efc5fd000-782efc600000 ---p 00000000 00:00 0 
782efc600000-782efc6fd000 rw-p 00000000 00:00 0 
782efc6fd000-782efc6fe000 ---p 00000000 00:00 0 
782efc6fe000-782efc701000 ---p 00000000 00:00 0 
782efc701000-782efc7fe000 rw-p 00000000 00:00 0 
782efc7fe000-782efc7ff000 ---p 00000000 00:00 0 
782efc7ff000-782efc802000 ---p 00000000 00:00 0 
782efc802000-782efc8ff000 rw-p 00000000 00:00 0 
782efc8ff000-782efc900000 ---p 00000000 00:00 0 
782efc900000-782efc903000 ---p 00000000 00:00 0 
782efc903000-782efca00000 rw-p 00000000 00:00 0 
782efca00000-782efd0f9000 r--p 00000000 00:1a 69145934                   /usr/lib/locale/locale-archive
782efd110000-782efd127000 r-xp 00000000 00:1a 52422218                   /usr/lib/jvm/java-8-jdk/jre/lib/amd64/libnet.so
782efd127000-782efd128000 r--p 00016000 00:1a 52422218                   /usr/lib/jvm/java-8-jdk/jre/lib/amd64/libnet.so
782efd128000-782efd129000 rw-p 00017000 00:1a 52422218                   /usr/lib/jvm/java-8-jdk/jre/lib/amd64/libnet.so
782efd129000-782efd12c000 ---p 00000000 00:00 0 
782efd12c000-782efd229000 rw-p 00000000 00:00 0 
782efd229000-782efd22c000 ---p 00000000 00:00 0 
782efd22c000-782efd329000 rw-p 00000000 00:00 0 
782efd329000-782efd32c000 ---p 00000000 00:00 0 
782efd32c000-782efd429000 rw-p 00000000 00:00 0 
782efd429000-782efd42a000 ---p 00000000 00:00 0 
782efd42a000-782efd52a000 rw-p 00000000 00:00 0 
782efd52a000-782f00021000 rw-p 00000000 00:00 0 
782f00021000-782f04000000 ---p 00000000 00:00 0 
782f04013000-782f06cc0000 rw-p 00000000 00:00 0 
782f06cc0000-782f07000000 ---p 00000000 00:00 0 
782f07000000-782f07fa9000 rw-p 00000000 00:00 0 
782f07fbe000-782f08021000 rw-p 00000000 00:00 0 
782f08021000-782f0c000000 ---p 00000000 00:00 0 
782f0c005000-782f0c016000 r-xp 00000000 00:1a 52422219                   /usr/lib/jvm/java-8-jdk/jre/lib/amd64/libnio.so
782f0c016000-782f0c017000 r--p 00010000 00:1a 52422219                   /usr/lib/jvm/java-8-jdk/jre/lib/amd64/libnio.so
782f0c017000-782f0c018000 rw-p 00011000 00:1a 52422219                   /usr/lib/jvm/java-8-jdk/jre/lib/amd64/libnio.so
782f0c018000-782f0c7a3000 rw-p 00000000 00:00 0 
782f0c7a3000-782f0c984000 r--s 03ecd000 00:1a 52422387                   /usr/lib/jvm/java-8-jdk/jre/lib/rt.jar
782f0c984000-782f0c9fa000 rw-p 00000000 00:00 0 
782f0c9fa000-782f0c9fb000 ---p 00000000 00:00 0 
782f0c9fb000-782f0cafb000 rw-p 00000000 00:00 0 
782f0cafb000-782f0cafc000 ---p 00000000 00:00 0 
782f0cafc000-782f0cbfc000 rw-p 00000000 00:00 0 
782f0cbfc000-782f0cbfd000 ---p 00000000 00:00 0 
782f0cbfd000-782f0ccfd000 rw-p 00000000 00:00 0 
782f0ccfd000-782f0ccfe000 ---p 00000000 00:00 0 
782f0ccfe000-782f0cdfe000 rw-p 00000000 00:00 0 
782f0cdfe000-782f0cdff000 ---p 00000000 00:00 0 
782f0cdff000-782f0ceff000 rw-p 00000000 00:00 0 
782f0ceff000-782f0cf00000 ---p 00000000 00:00 0 
782f0cf00000-782f0d000000 rw-p 00000000 00:00 0 
782f0d000000-782f0d470000 rwxp 00000000 00:00 0 
782f0d470000-782f1c000000 ---p 00000000 00:00 0 
782f1c000000-782f1c5c3000 rw-p 00000000 00:00 0 
782f1c5c3000-782f20000000 ---p 00000000 00:00 0 
782f20005000-782f2000c000 r--s 00000000 00:1a 69145937                   /usr/lib/gconv/gconv-modules.cache
782f2000c000-782f200eb000 rw-p 00000000 00:00 0 
782f200eb000-782f200ec000 ---p 00000000 00:00 0 
782f200ec000-782f201ec000 rw-p 00000000 00:00 0 
782f201ec000-782f201ed000 ---p 00000000 00:00 0 
782f201ed000-782f202ed000 rw-p 00000000 00:00 0 
782f202ed000-782f202ee000 ---p 00000000 00:00 0 
782f202ee000-782f203ee000 rw-p 00000000 00:00 0 
782f203ee000-782f203ef000 ---p 00000000 00:00 0 
782f203ef000-782f204ef000 rw-p 00000000 00:00 0 
782f204ef000-782f204f0000 ---p 00000000 00:00 0 
782f204f0000-782f205f0000 rw-p 00000000 00:00 0 
782f205f0000-782f205f1000 ---p 00000000 00:00 0 
782f205f1000-782f206f1000 rw-p 00000000 00:00 0 
782f206f1000-782f206f2000 ---p 00000000 00:00 0 
782f206f2000-782f207f2000 rw-p 00000000 00:00 0 
782f207f2000-782f207f3000 ---p 00000000 00:00 0 
782f207f3000-782f208f3000 rw-p 00000000 00:00 0 
782f208f3000-782f208f4000 ---p 00000000 00:00 0 
782f208f4000-782f209f4000 rw-p 00000000 00:00 0 
782f209f4000-782f209f5000 ---p 00000000 00:00 0 
782f209f5000-782f20af5000 rw-p 00000000 00:00 0 
782f20af5000-782f20af6000 ---p 00000000 00:00 0 
782f20af6000-782f20bf6000 rw-p 00000000 00:00 0 
782f20bf6000-782f20bf7000 ---p 00000000 00:00 0 
782f20bf7000-782f20cf7000 rw-p 00000000 00:00 0 
782f20cf7000-782f20cf8000 ---p 00000000 00:00 0 
782f20cf8000-782f20df8000 rw-p 00000000 00:00 0 
782f20df8000-782f20df9000 ---p 00000000 00:00 0 
782f20df9000-782f20ef9000 rw-p 00000000 00:00 0 
782f20ef9000-782f20efa000 ---p 00000000 00:00 0 
782f20efa000-782f20ffa000 rw-p 00000000 00:00 0 
782f20ffa000-782f20ffb000 ---p 00000000 00:00 0 
782f20ffb000-782f210fb000 rw-p 00000000 00:00 0 
782f210fb000-782f210fc000 ---p 00000000 00:00 0 
782f210fc000-782f211fc000 rw-p 00000000 00:00 0 
782f211fc000-782f211fd000 ---p 00000000 00:00 0 
782f211fd000-782f212fd000 rw-p 00000000 00:00 0 
782f212fd000-782f212fe000 ---p 00000000 00:00 0 
782f212fe000-782f213fe000 rw-p 00000000 00:00 0 
782f213fe000-782f213ff000 ---p 00000000 00:00 0 
782f213ff000-782f214ff000 rw-p 00000000 00:00 0 
782f214ff000-782f21500000 ---p 00000000 00:00 0 
782f21500000-782f21600000 rw-p 00000000 00:00 0 
782f21600000-782f216a8000 rw-p 00000000 00:00 0 
782f216a8000-782f22071000 ---p 00000000 00:00 0 
782f22076000-782f22083000 r--s 00094000 00:1a 74237485                   /root/.gradle/caches/modules-2/files-2.1/org.apache.commons/commons-lang3/3.14.0/1ed471194b02f2c6cb734a0cd6f6f107c673afae/commons-lang3-3.14.0.jar
782f22083000-782f220ff000 rw-p 00000000 00:00 0 
782f220ff000-782f22100000 ---p 00000000 00:00 0 
782f22100000-782f22200000 rw-p 00000000 00:00 0 
782f22200000-782f222a8000 rw-p 00000000 00:00 0 
782f222a8000-782f22c70000 ---p 00000000 00:00 0 
782f22c70000-782f22cc5000 rw-p 00000000 00:00 0 
782f22cc5000-782f231a9000 ---p 00000000 00:00 0 
782f231a9000-782f231aa000 rw-p 00000000 00:00 0 
782f231af000-782f23212000 rw-p 00000000 00:00 0 
782f23212000-782f235c0000 ---p 00000000 00:00 0 
782f235c6000-782f235cb000 r--s 00038000 00:1a 74237481                   /root/.gradle/caches/modules-2/files-2.1/org.ow2.asm/asm-all/5.2/2ea49e08b876bbd33e0a7ce75c8f371d29e1f10a/asm-all-5.2.jar
782f235cb000-782f23614000 rw-p 00000000 00:00 0 
782f23614000-782f23615000 ---p 00000000 00:00 0 
782f23615000-782f23618000 ---p 00000000 00:00 0 
782f23618000-782f23715000 rw-p 00000000 00:00 0 
782f23715000-782f23723000 r--p 00000000 00:1a 69145231                   /usr/lib/libm.so.6
782f23723000-782f237a3000 r-xp 0000e000 00:1a 69145231                   /usr/lib/libm.so.6
782f237a3000-782f237fe000 r--p 0008e000 00:1a 69145231                   /usr/lib/libm.so.6
782f237fe000-782f237ff000 r--p 000e9000 00:1a 69145231                   /usr/lib/libm.so.6
782f237ff000-782f23800000 rw-p 000ea000 00:1a 69145231                   /usr/lib/libm.so.6
782f23800000-782f244bf000 r-xp 00000000 00:1a 52422235                   /usr/lib/jvm/java-8-jdk/jre/lib/amd64/server/libjvm.so
782f244bf000-782f244c0000 ---p 00cbf000 00:1a 52422235                   /usr/lib/jvm/java-8-jdk/jre/lib/amd64/server/libjvm.so
782f244c0000-782f24557000 r--p 00cbf000 00:1a 52422235                   /usr/lib/jvm/java-8-jdk/jre/lib/amd64/server/libjvm.so
782f24557000-782f24588000 rw-p 00d56000 00:1a 52422235                   /usr/lib/jvm/java-8-jdk/jre/lib/amd64/server/libjvm.so
782f24588000-782f245c4000 rw-p 00000000 00:00 0 
782f245c8000-782f245cd000 r--s 0005a000 00:1a 37587884                   /root/.gradle/caches/modules-2/files-2.1/org.ow2.asm/asm-debug-all/5.2/3354e11e2b34215f06dab629ab88e06aca477c19/asm-debug-all-5.2.jar
782f245cd000-782f245cf000 r--s 0000c000 00:1a 74237483                   /root/.gradle/caches/modules-2/files-2.1/org.ow2.asm/asm/5.2/4ce3ecdc7115bcbf9d4ff4e6ec638e60760819df/asm-5.2.jar
782f245cf000-782f245d1000 r--s 00006000 00:1a 74237480                   /root/.gradle/caches/modules-2/files-2.1/org.ow2.asm/asm-tree/5.2/733a8d67f6f4174d12142b7bbcfc496a6d99882e/asm-tree-5.2.jar
782f245d1000-782f245d2000 r--s 00004000 00:1a 74237484                   /root/.gradle/caches/modules-2/files-2.1/org.ow2.asm/asm-analysis/5.2/2de10833bb3ade1939b1489b7656c9de20343e14/asm-analysis-5.2.jar
782f245d2000-782f245d3000 r--s 0000a000 00:1a 74237482                   /root/.gradle/caches/modules-2/files-2.1/org.ow2.asm/asm-util/5.2/9408ea14e73b7c9b427545a1b84923d6afaf8e1e/asm-util-5.2.jar
782f245d3000-782f245ee000 r-xp 00000000 00:1a 52422232                   /usr/lib/jvm/java-8-jdk/jre/lib/amd64/libzip.so
782f245ee000-782f245ef000 r--p 0001a000 00:1a 52422232                   /usr/lib/jvm/java-8-jdk/jre/lib/amd64/libzip.so
782f245ef000-782f245f0000 rw-p 0001b000 00:1a 52422232                   /usr/lib/jvm/java-8-jdk/jre/lib/amd64/libzip.so
782f245f0000-782f245f8000 rw-s 00000000 00:27 1979                       /tmp/hsperfdata_root/321027
782f245f8000-782f245f9000 r--p 00000000 00:1a 69145253                   /usr/lib/librt.so.1
782f245f9000-782f245fa000 r-xp 00001000 00:1a 69145253                   /usr/lib/librt.so.1
782f245fa000-782f245fb000 r--p 00002000 00:1a 69145253                   /usr/lib/librt.so.1
782f245fb000-782f245fc000 r--p 00002000 00:1a 69145253                   /usr/lib/librt.so.1
782f245fc000-782f245fd000 rw-p 00003000 00:1a 69145253                   /usr/lib/librt.so.1
782f245fd000-782f245ff000 rw-p 00000000 00:00 0 
782f245ff000-782f24623000 r--p 00000000 00:1a 69145221                   /usr/lib/libc.so.6
782f24623000-782f2478f000 r-xp 00024000 00:1a 69145221                   /usr/lib/libc.so.6
782f2478f000-782f247dd000 r--p 00190000 00:1a 69145221                   /usr/lib/libc.so.6
782f247dd000-782f247e1000 r--p 001dd000 00:1a 69145221                   /usr/lib/libc.so.6
782f247e1000-782f247e3000 rw-p 001e1000 00:1a 69145221                   /usr/lib/libc.so.6
782f247e3000-782f247eb000 rw-p 00000000 00:00 0 
782f247eb000-782f247ec000 r--p 00000000 00:1a 69145226                   /usr/lib/libdl.so.2
782f247ec000-782f247ed000 r-xp 00001000 00:1a 69145226                   /usr/lib/libdl.so.2
782f247ed000-782f247ee000 r--p 00002000 00:1a 69145226                   /usr/lib/libdl.so.2
782f247ee000-782f247ef000 r--p 00002000 00:1a 69145226                   /usr/lib/libdl.so.2
782f247ef000-782f247f0000 rw-p 00003000 00:1a 69145226                   /usr/lib/libdl.so.2
782f247f0000-782f24807000 r-xp 00000000 00:1a 52422165                   /usr/lib/jvm/java-8-jdk/jre/lib/amd64/jli/libjli.so
782f24807000-782f24808000 r--p 00016000 00:1a 52422165                   /usr/lib/jvm/java-8-jdk/jre/lib/amd64/jli/libjli.so
782f24808000-782f24809000 rw-p 00017000 00:1a 52422165                   /usr/lib/jvm/java-8-jdk/jre/lib/amd64/jli/libjli.so
782f24809000-782f2480a000 r--p 00000000 00:1a 69145248                   /usr/lib/libpthread.so.0
782f2480a000-782f2480b000 r-xp 00001000 00:1a 69145248                   /usr/lib/libpthread.so.0
782f2480b000-782f2480c000 r--p 00002000 00:1a 69145248                   /usr/lib/libpthread.so.0
782f2480c000-782f2480d000 r--p 00002000 00:1a 69145248                   /usr/lib/libpthread.so.0
782f2480d000-782f2480e000 rw-p 00003000 00:1a 69145248                   /usr/lib/libpthread.so.0
782f2480e000-782f24810000 r--s 0000a000 00:1a 74237486                   /root/.gradle/caches/modules-2/files-2.1/org.ow2.asm/asm-commons/5.2/2f916f2c20f1d04404276cb1c2e6d5d6793dca3f/asm-commons-5.2.jar
782f24810000-782f24813000 r--s 0001c000 00:1a 52422316                   /usr/lib/jvm/java-8-jdk/jre/lib/jce.jar
782f24813000-782f24814000 rw-p 00000000 00:00 0 
782f24814000-782f24815000 r--p 00000000 00:00 0 
782f24815000-782f24841000 r-xp 00000000 00:1a 52422204                   /usr/lib/jvm/java-8-jdk/jre/lib/amd64/libjava.so
782f24841000-782f24842000 r--p 0002b000 00:1a 52422204                   /usr/lib/jvm/java-8-jdk/jre/lib/amd64/libjava.so
782f24842000-782f24844000 rw-p 0002c000 00:1a 52422204                   /usr/lib/jvm/java-8-jdk/jre/lib/amd64/libjava.so
782f24844000-782f24851000 r-xp 00000000 00:1a 52422231                   /usr/lib/jvm/java-8-jdk/jre/lib/amd64/libverify.so
782f24851000-782f24853000 r--p 0000c000 00:1a 52422231                   /usr/lib/jvm/java-8-jdk/jre/lib/amd64/libverify.so
782f24853000-782f24854000 rw-p 0000e000 00:1a 52422231                   /usr/lib/jvm/java-8-jdk/jre/lib/amd64/libverify.so
782f24854000-782f24856000 rw-p 00000000 00:00 0 
782f24856000-782f2485a000 r--p 00000000 00:00 0                          [vvar]
782f2485a000-782f2485c000 r-xp 00000000 00:00 0                          [vdso]
782f2485c000-782f2485d000 r--p 00000000 00:1a 69145212                   /usr/lib/ld-linux-x86-64.so.2
782f2485d000-782f24884000 r-xp 00001000 00:1a 69145212                   /usr/lib/ld-linux-x86-64.so.2
782f24884000-782f2488e000 r--p 00028000 00:1a 69145212                   /usr/lib/ld-linux-x86-64.so.2
782f2488e000-782f24890000 r--p 00032000 00:1a 69145212                   /usr/lib/ld-linux-x86-64.so.2
782f24890000-782f24892000 rw-p 00034000 00:1a 69145212                   /usr/lib/ld-linux-x86-64.so.2
7fffff8d8000-7fffff8fa000 rw-p 00000000 00:00 0                          [stack]
ffffffffff600000-ffffffffff601000 --xp 00000000 00:00 0                  [vsyscall]

VM Arguments:
jvm_args: -Dfile.encoding=UTF-8 -Duser.country=CN -Duser.language=zh -Duser.variant 
java_command: Test
java_class_path (initial): /root/IdeaProjects/MemoryUtils/build/classes/java/main:/root/IdeaProjects/MemoryUtils/build/resources/main:/root/IdeaProjects/MemoryUtils/libs/sa-jdi.jar:/root/IdeaProjects/MemoryUtils/libs/Behinder.jar:/usr/lib/jvm/java-8-jdk/lib/tools.jar:/root/.gradle/caches/modules-2/files-2.1/org.ow2.asm/asm-commons/5.2/2f916f2c20f1d04404276cb1c2e6d5d6793dca3f/asm-commons-5.2.jar:/root/.gradle/caches/modules-2/files-2.1/org.ow2.asm/asm-util/5.2/9408ea14e73b7c9b427545a1b84923d6afaf8e1e/asm-util-5.2.jar:/root/.gradle/caches/modules-2/files-2.1/org.ow2.asm/asm-analysis/5.2/2de10833bb3ade1939b1489b7656c9de20343e14/asm-analysis-5.2.jar:/root/.gradle/caches/modules-2/files-2.1/org.ow2.asm/asm-tree/5.2/733a8d67f6f4174d12142b7bbcfc496a6d99882e/asm-tree-5.2.jar:/root/.gradle/caches/modules-2/files-2.1/org.ow2.asm/asm/5.2/4ce3ecdc7115bcbf9d4ff4e6ec638e60760819df/asm-5.2.jar:/root/.gradle/caches/modules-2/files-2.1/org.ow2.asm/asm-debug-all/5.2/3354e11e2b34215f06dab629ab88e06aca477c19/asm-debug-all-5.2.jar:/root/.gradle/caches/modules-2/files-2.1/org.ow2.asm/asm-all/5.2/2ea49e08b876bbd33e0a7ce75c8f371d29e1f10a/asm-all-5.2.jar:/root/.gradle/caches/modules-2/files-2.1/org.apache.commons/commons-lang3/3.14.0/1ed471194b02f2c6cb734a0cd6f6f107c673afae/commons-lang3-3.14.0.jar:/root/.gradle/caches/modules-2/files-2.1/it.unimi.dsi/fastutil/8.5.13/7d1178e207e85b8990347d30f9d1d620cad858f4/fastutil-8.5.13.jar
Launcher Type: SUN_STANDARD

Environment Variables:
PATH=$PATH:/opt/BaiduPCS-Go:/usr/local/sbin:/usr/local/bin:/usr/bin:/root/.dotnet/tools:/usr/lib/jvm/default/bin:/usr/bin/site_perl:/usr/bin/vendor_perl:/usr/bin/core_perl:/opt/plan9/bin:/root/.local/bin
SHELL=/bin/zsh
DISPLAY=:0

Signal Handlers:
SIGSEGV: [libjvm.so+0xab8fa0], sa_mask[0]=11111111011111111101111111111110, sa_flags=SA_RESTART|SA_SIGINFO
SIGBUS: [libjvm.so+0xab8fa0], sa_mask[0]=11111111011111111101111111111110, sa_flags=SA_RESTART|SA_SIGINFO
SIGFPE: [libjvm.so+0xab8fa0], sa_mask[0]=11111111011111111101111111111110, sa_flags=SA_RESTART|SA_SIGINFO
SIGPIPE: [libjvm.so+0x90c3f0], sa_mask[0]=11111111011111111101111111111110, sa_flags=SA_RESTART|SA_SIGINFO
SIGXFSZ: [libjvm.so+0x90c3f0], sa_mask[0]=11111111011111111101111111111110, sa_flags=SA_RESTART|SA_SIGINFO
SIGILL: [libjvm.so+0xab8fa0], sa_mask[0]=11111111011111111101111111111110, sa_flags=SA_RESTART|SA_SIGINFO
SIGUSR1: SIG_DFL, sa_mask[0]=00000000000000000000000000000000, sa_flags=none
SIGUSR2: [libjvm.so+0x90c450], sa_mask[0]=00100000000000000000000000000000, sa_flags=SA_RESTART|SA_SIGINFO
SIGHUP: [libjvm.so+0x90cab0], sa_mask[0]=11111111011111111101111111111110, sa_flags=SA_RESTART|SA_SIGINFO
SIGINT: [libjvm.so+0x90cab0], sa_mask[0]=11111111011111111101111111111110, sa_flags=SA_RESTART|SA_SIGINFO
SIGTERM: [libjvm.so+0x90cab0], sa_mask[0]=11111111011111111101111111111110, sa_flags=SA_RESTART|SA_SIGINFO
SIGQUIT: [libjvm.so+0x90cab0], sa_mask[0]=11111111011111111101111111111110, sa_flags=SA_RESTART|SA_SIGINFO


---------------  S Y S T E M  ---------------

OS:NAME="Arch Linux"
PRETTY_NAME="Arch Linux"
ID=arch
BUILD_ID=rolling
ANSI_COLOR="38;2;23;147;209"
HOME_URL="https://archlinux.org/"
DOCUMENTATION_URL="https://wiki.archlinux.org/"
SUPPORT_URL="https://bbs.archlinux.org/"
BUG_REPORT_URL="https://gitlab.archlinux.org/groups/archlinux/-/issues"
PRIVACY_POLICY_URL="https://terms.archlinux.org/docs/privacy-policy/"
LOGO=archlinux-logo

uname:Linux 6.9.3-zen1-1-zen #1 ZEN SMP PREEMPT_DYNAMIC Fri, 31 May 2024 15:14:26 +0000 x86_64
libc:glibc 2.39 NPTL 2.39 
rlimit: STACK 8192k, CORE infinity, NPROC 128171, NOFILE 524288, AS infinity
load average:4.27 3.03 2.58

/proc/meminfo:
MemTotal:       32836540 kB
MemFree:        13859624 kB
MemAvailable:   21825732 kB
Buffers:         1647280 kB
Cached:          6547252 kB
SwapCached:       225684 kB
Active:          8808572 kB
Inactive:        8296864 kB
Active(anon):    7170420 kB
Inactive(anon):  2020348 kB
Active(file):    1638152 kB
Inactive(file):  6276516 kB
Unevictable:       16320 kB
Mlocked:               0 kB
SwapTotal:      33554428 kB
SwapFree:       29976572 kB
Zswap:            190980 kB
Zswapped:         779732 kB
Dirty:              1032 kB
Writeback:             0 kB
AnonPages:       8695584 kB
Mapped:           993432 kB
Shmem:            279752 kB
KReclaimable:     519936 kB
Slab:             934828 kB
SReclaimable:     519936 kB
SUnreclaim:       414892 kB
KernelStack:       52212 kB
PageTables:       175220 kB
SecPageTables:         0 kB
NFS_Unstable:          0 kB
Bounce:                0 kB
WritebackTmp:          0 kB
CommitLimit:    49972696 kB
Committed_AS:   72727360 kB
VmallocTotal:   34359738367 kB
VmallocUsed:      219728 kB
VmallocChunk:          0 kB
Percpu:            57216 kB
HardwareCorrupted:     0 kB
AnonHugePages:   4618240 kB
ShmemHugePages:        0 kB
ShmemPmdMapped:        0 kB
FileHugePages:    550912 kB
FilePmdMapped:    143360 kB
CmaTotal:              0 kB
CmaFree:               0 kB
Unaccepted:            0 kB
HugePages_Total:       0
HugePages_Free:        0
HugePages_Rsvd:        0
HugePages_Surp:        0
Hugepagesize:       2048 kB
Hugetlb:               0 kB
DirectMap4k:      449772 kB
DirectMap2M:    13117440 kB
DirectMap1G:    19922944 kB

container (cgroup) information:
container_type: cgroupv2
cpu_cpuset_cpus: not supported
cpu_memory_nodes: not supported
active_processor_count: 40
cpu_quota: no quota
cpu_period: 100000
cpu_shares: no shares
memory_limit_in_bytes: unlimited
memory_and_swap_limit_in_bytes: unlimited
memory_soft_limit_in_bytes: unlimited
memory_usage_in_bytes: 9432828 k
memory_max_usage_in_bytes: not supported
memory_swap_current_in_bytes: 567016 k
memory_swap_max_limit_in_bytes: unlimited
maximum number of tasks: unlimited
current number of tasks: 1122


CPU:total 48 (initial active 40) (10 cores per cpu, 2 threads per core) family 6 model 62 stepping 4, cmov, cx8, fxsr, mmx, sse, sse2, sse3, ssse3, sse4.1, sse4.2, popcnt, avx, aes, clmul, erms, ht, tsc, tscinvbit

/proc/cpuinfo:
processor	: 0
vendor_id	: GenuineIntel
cpu family	: 6
model		: 62
model name	: Intel(R) Xeon(R) CPU E5-2660 v2 @ 2.20GHz
stepping	: 4
microcode	: 0x42e
cpu MHz		: 2765.851
cache size	: 25600 KB
physical id	: 0
siblings	: 20
core id		: 0
cpu cores	: 10
apicid		: 0
initial apicid	: 0
fpu		: yes
fpu_exception	: yes
cpuid level	: 13
wp		: yes
flags		: fpu vme de pse tsc msr pae mce cx8 apic sep mtrr pge mca cmov pat pse36 clflush dts acpi mmx fxsr sse sse2 ss ht tm pbe syscall nx pdpe1gb rdtscp lm constant_tsc arch_perfmon pebs bts rep_good nopl xtopology nonstop_tsc cpuid aperfmperf pni pclmulqdq dtes64 monitor ds_cpl vmx smx est tm2 ssse3 cx16 xtpr pdcm pcid dca sse4_1 sse4_2 x2apic popcnt tsc_deadline_timer aes xsave avx f16c rdrand lahf_lm cpuid_fault ssbd ibrs ibpb stibp tpr_shadow flexpriority ept vpid fsgsbase smep erms xsaveopt dtherm ida arat pln pts vnmi md_clear flush_l1d
vmx flags	: vnmi preemption_timer posted_intr invvpid ept_x_only ept_1gb flexpriority apicv tsc_offset vtpr mtf vapic ept vpid unrestricted_guest vapic_reg vid ple
bugs		: cpu_meltdown spectre_v1 spectre_v2 spec_store_bypass l1tf mds swapgs itlb_multihit mmio_unknown
bogomips	: 4400.24
clflush size	: 64
cache_alignment	: 64
address sizes	: 46 bits physical, 48 bits virtual
power management:

processor	: 1
vendor_id	: GenuineIntel
cpu family	: 6
model		: 62
model name	: Intel(R) Xeon(R) CPU E5-2660 v2 @ 2.20GHz
stepping	: 4
microcode	: 0x42e
cpu MHz		: 2789.855
cache size	: 25600 KB
physical id	: 1
siblings	: 20
core id		: 0
cpu cores	: 10
apicid		: 32
initial apicid	: 32
fpu		: yes
fpu_exception	: yes
cpuid level	: 13
wp		: yes
flags		: fpu vme de pse tsc msr pae mce cx8 apic sep mtrr pge mca cmov pat pse36 clflush dts acpi mmx fxsr sse sse2 ss ht tm pbe syscall nx pdpe1gb rdtscp lm constant_tsc arch_perfmon pebs bts rep_good nopl xtopology nonstop_tsc cpuid aperfmperf pni pclmulqdq dtes64 monitor ds_cpl vmx smx est tm2 ssse3 cx16 xtpr pdcm pcid dca sse4_1 sse4_2 x2apic popcnt tsc_deadline_timer aes xsave avx f16c rdrand lahf_lm cpuid_fault ssbd ibrs ibpb stibp tpr_shadow flexpriority ept vpid fsgsbase smep erms xsaveopt dtherm ida arat pln pts vnmi md_clear flush_l1d
vmx flags	: vnmi preemption_timer posted_intr invvpid ept_x_only ept_1gb flexpriority apicv tsc_offset vtpr mtf vapic ept vpid unrestricted_guest vapic_reg vid ple
bugs		: cpu_meltdown spectre_v1 spectre_v2 spec_store_bypass l1tf mds swapgs itlb_multihit mmio_unknown
bogomips	: 4400.24
clflush size	: 64
cache_alignment	: 64
address sizes	: 46 bits physical, 48 bits virtual
power management:

processor	: 2
vendor_id	: GenuineIntel
cpu family	: 6
model		: 62
model name	: Intel(R) Xeon(R) CPU E5-2660 v2 @ 2.20GHz
stepping	: 4
microcode	: 0x42e
cpu MHz		: 2600.148
cache size	: 25600 KB
physical id	: 0
siblings	: 20
core id		: 1
cpu cores	: 10
apicid		: 2
initial apicid	: 2
fpu		: yes
fpu_exception	: yes
cpuid level	: 13
wp		: yes
flags		: fpu vme de pse tsc msr pae mce cx8 apic sep mtrr pge mca cmov pat pse36 clflush dts acpi mmx fxsr sse sse2 ss ht tm pbe syscall nx pdpe1gb rdtscp lm constant_tsc arch_perfmon pebs bts rep_good nopl xtopology nonstop_tsc cpuid aperfmperf pni pclmulqdq dtes64 monitor ds_cpl vmx smx est tm2 ssse3 cx16 xtpr pdcm pcid dca sse4_1 sse4_2 x2apic popcnt tsc_deadline_timer aes xsave avx f16c rdrand lahf_lm cpuid_fault ssbd ibrs ibpb stibp tpr_shadow flexpriority ept vpid fsgsbase smep erms xsaveopt dtherm ida arat pln pts vnmi md_clear flush_l1d
vmx flags	: vnmi preemption_timer posted_intr invvpid ept_x_only ept_1gb flexpriority apicv tsc_offset vtpr mtf vapic ept vpid unrestricted_guest vapic_reg vid ple
bugs		: cpu_meltdown spectre_v1 spectre_v2 spec_store_bypass l1tf mds swapgs itlb_multihit mmio_unknown
bogomips	: 4400.24
clflush size	: 64
cache_alignment	: 64
address sizes	: 46 bits physical, 48 bits virtual
power management:

processor	: 3
vendor_id	: GenuineIntel
cpu family	: 6
model		: 62
model name	: Intel(R) Xeon(R) CPU E5-2660 v2 @ 2.20GHz
stepping	: 4
microcode	: 0x42e
cpu MHz		: 1200.000
cache size	: 25600 KB
physical id	: 1
siblings	: 20
core id		: 1
cpu cores	: 10
apicid		: 34
initial apicid	: 34
fpu		: yes
fpu_exception	: yes
cpuid level	: 13
wp		: yes
flags		: fpu vme de pse tsc msr pae mce cx8 apic sep mtrr pge mca cmov pat pse36 clflush dts acpi mmx fxsr sse sse2 ss ht tm pbe syscall nx pdpe1gb rdtscp lm constant_tsc arch_perfmon pebs bts rep_good nopl xtopology nonstop_tsc cpuid aperfmperf pni pclmulqdq dtes64 monitor ds_cpl vmx smx est tm2 ssse3 cx16 xtpr pdcm pcid dca sse4_1 sse4_2 x2apic popcnt tsc_deadline_timer aes xsave avx f16c rdrand lahf_lm cpuid_fault ssbd ibrs ibpb stibp tpr_shadow flexpriority ept vpid fsgsbase smep erms xsaveopt dtherm ida arat pln pts vnmi md_clear flush_l1d
vmx flags	: vnmi preemption_timer posted_intr invvpid ept_x_only ept_1gb flexpriority apicv tsc_offset vtpr mtf vapic ept vpid unrestricted_guest vapic_reg vid ple
bugs		: cpu_meltdown spectre_v1 spectre_v2 spec_store_bypass l1tf mds swapgs itlb_multihit mmio_unknown
bogomips	: 4400.24
clflush size	: 64
cache_alignment	: 64
address sizes	: 46 bits physical, 48 bits virtual
power management:

processor	: 4
vendor_id	: GenuineIntel
cpu family	: 6
model		: 62
model name	: Intel(R) Xeon(R) CPU E5-2660 v2 @ 2.20GHz
stepping	: 4
microcode	: 0x42e
cpu MHz		: 1200.000
cache size	: 25600 KB
physical id	: 0
siblings	: 20
core id		: 2
cpu cores	: 10
apicid		: 4
initial apicid	: 4
fpu		: yes
fpu_exception	: yes
cpuid level	: 13
wp		: yes
flags		: fpu vme de pse tsc msr pae mce cx8 apic sep mtrr pge mca cmov pat pse36 clflush dts acpi mmx fxsr sse sse2 ss ht tm pbe syscall nx pdpe1gb rdtscp lm constant_tsc arch_perfmon pebs bts rep_good nopl xtopology nonstop_tsc cpuid aperfmperf pni pclmulqdq dtes64 monitor ds_cpl vmx smx est tm2 ssse3 cx16 xtpr pdcm pcid dca sse4_1 sse4_2 x2apic popcnt tsc_deadline_timer aes xsave avx f16c rdrand lahf_lm cpuid_fault ssbd ibrs ibpb stibp tpr_shadow flexpriority ept vpid fsgsbase smep erms xsaveopt dtherm ida arat pln pts vnmi md_clear flush_l1d
vmx flags	: vnmi preemption_timer posted_intr invvpid ept_x_only ept_1gb flexpriority apicv tsc_offset vtpr mtf vapic ept vpid unrestricted_guest vapic_reg vid ple
bugs		: cpu_meltdown spectre_v1 spectre_v2 spec_store_bypass l1tf mds swapgs itlb_multihit mmio_unknown
bogomips	: 4400.24
clflush size	: 64
cache_alignment	: 64
address sizes	: 46 bits physical, 48 bits virtual
power management:

processor	: 5
vendor_id	: GenuineIntel
cpu family	: 6
model		: 62
model name	: Intel(R) Xeon(R) CPU E5-2660 v2 @ 2.20GHz
stepping	: 4
microcode	: 0x42e
cpu MHz		: 1200.000
cache size	: 25600 KB
physical id	: 1
siblings	: 20
core id		: 2
cpu cores	: 10
apicid		: 36
initial apicid	: 36
fpu		: yes
fpu_exception	: yes
cpuid level	: 13
wp		: yes
flags		: fpu vme de pse tsc msr pae mce cx8 apic sep mtrr pge mca cmov pat pse36 clflush dts acpi mmx fxsr sse sse2 ss ht tm pbe syscall nx pdpe1gb rdtscp lm constant_tsc arch_perfmon pebs bts rep_good nopl xtopology nonstop_tsc cpuid aperfmperf pni pclmulqdq dtes64 monitor ds_cpl vmx smx est tm2 ssse3 cx16 xtpr pdcm pcid dca sse4_1 sse4_2 x2apic popcnt tsc_deadline_timer aes xsave avx f16c rdrand lahf_lm cpuid_fault ssbd ibrs ibpb stibp tpr_shadow flexpriority ept vpid fsgsbase smep erms xsaveopt dtherm ida arat pln pts vnmi md_clear flush_l1d
vmx flags	: vnmi preemption_timer posted_intr invvpid ept_x_only ept_1gb flexpriority apicv tsc_offset vtpr mtf vapic ept vpid unrestricted_guest vapic_reg vid ple
bugs		: cpu_meltdown spectre_v1 spectre_v2 spec_store_bypass l1tf mds swapgs itlb_multihit mmio_unknown
bogomips	: 4400.24
clflush size	: 64
cache_alignment	: 64
address sizes	: 46 bits physical, 48 bits virtual
power management:

processor	: 6
vendor_id	: GenuineIntel
cpu family	: 6
model		: 62
model name	: Intel(R) Xeon(R) CPU E5-2660 v2 @ 2.20GHz
stepping	: 4
microcode	: 0x42e
cpu MHz		: 2633.728
cache size	: 25600 KB
physical id	: 0
siblings	: 20
core id		: 3
cpu cores	: 10
apicid		: 6
initial apicid	: 6
fpu		: yes
fpu_exception	: yes
cpuid level	: 13
wp		: yes
flags		: fpu vme de pse tsc msr pae mce cx8 apic sep mtrr pge mca cmov pat pse36 clflush dts acpi mmx fxsr sse sse2 ss ht tm pbe syscall nx pdpe1gb rdtscp lm constant_tsc arch_perfmon pebs bts rep_good nopl xtopology nonstop_tsc cpuid aperfmperf pni pclmulqdq dtes64 monitor ds_cpl vmx smx est tm2 ssse3 cx16 xtpr pdcm pcid dca sse4_1 sse4_2 x2apic popcnt tsc_deadline_timer aes xsave avx f16c rdrand lahf_lm cpuid_fault ssbd ibrs ibpb stibp tpr_shadow flexpriority ept vpid fsgsbase smep erms xsaveopt dtherm ida arat pln pts vnmi md_clear flush_l1d
vmx flags	: vnmi preemption_timer posted_intr invvpid ept_x_only ept_1gb flexpriority apicv tsc_offset vtpr mtf vapic ept vpid unrestricted_guest vapic_reg vid ple
bugs		: cpu_meltdown spectre_v1 spectre_v2 spec_store_bypass l1tf mds swapgs itlb_multihit mmio_unknown
bogomips	: 4400.24
clflush size	: 64
cache_alignment	: 64
address sizes	: 46 bits physical, 48 bits virtual
power management:

processor	: 7
vendor_id	: GenuineIntel
cpu family	: 6
model		: 62
model name	: Intel(R) Xeon(R) CPU E5-2660 v2 @ 2.20GHz
stepping	: 4
microcode	: 0x42e
cpu MHz		: 2842.411
cache size	: 25600 KB
physical id	: 1
siblings	: 20
core id		: 3
cpu cores	: 10
apicid		: 38
initial apicid	: 38
fpu		: yes
fpu_exception	: yes
cpuid level	: 13
wp		: yes
flags		: fpu vme de pse tsc msr pae mce cx8 apic sep mtrr pge mca cmov pat pse36 clflush dts acpi mmx fxsr sse sse2 ss ht tm pbe syscall nx pdpe1gb rdtscp lm constant_tsc arch_perfmon pebs bts rep_good nopl xtopology nonstop_tsc cpuid aperfmperf pni pclmulqdq dtes64 monitor ds_cpl vmx smx est tm2 ssse3 cx16 xtpr pdcm pcid dca sse4_1 sse4_2 x2apic popcnt tsc_deadline_timer aes xsave avx f16c rdrand lahf_lm cpuid_fault ssbd ibrs ibpb stibp tpr_shadow flexpriority ept vpid fsgsbase smep erms xsaveopt dtherm ida arat pln pts vnmi md_clear flush_l1d
vmx flags	: vnmi preemption_timer posted_intr invvpid ept_x_only ept_1gb flexpriority apicv tsc_offset vtpr mtf vapic ept vpid unrestricted_guest vapic_reg vid ple
bugs		: cpu_meltdown spectre_v1 spectre_v2 spec_store_bypass l1tf mds swapgs itlb_multihit mmio_unknown
bogomips	: 4400.24
clflush size	: 64
cache_alignment	: 64
address sizes	: 46 bits physical, 48 bits virtual
power management:

processor	: 8
vendor_id	: GenuineIntel
cpu family	: 6
model		: 62
model name	: Intel(R) Xeon(R) CPU E5-2660 v2 @ 2.20GHz
stepping	: 4
microcode	: 0x42e
cpu MHz		: 1200.000
cache size	: 25600 KB
physical id	: 0
siblings	: 20
core id		: 4
cpu cores	: 10
apicid		: 8
initial apicid	: 8
fpu		: yes
fpu_exception	: yes
cpuid level	: 13
wp		: yes
flags		: fpu vme de pse tsc msr pae mce cx8 apic sep mtrr pge mca cmov pat pse36 clflush dts acpi mmx fxsr sse sse2 ss ht tm pbe syscall nx pdpe1gb rdtscp lm constant_tsc arch_perfmon pebs bts rep_good nopl xtopology nonstop_tsc cpuid aperfmperf pni pclmulqdq dtes64 monitor ds_cpl vmx smx est tm2 ssse3 cx16 xtpr pdcm pcid dca sse4_1 sse4_2 x2apic popcnt tsc_deadline_timer aes xsave avx f16c rdrand lahf_lm cpuid_fault ssbd ibrs ibpb stibp tpr_shadow flexpriority ept vpid fsgsbase smep erms xsaveopt dtherm ida arat pln pts vnmi md_clear flush_l1d
vmx flags	: vnmi preemption_timer posted_intr invvpid ept_x_only ept_1gb flexpriority apicv tsc_offset vtpr mtf vapic ept vpid unrestricted_guest vapic_reg vid ple
bugs		: cpu_meltdown spectre_v1 spectre_v2 spec_store_bypass l1tf mds swapgs itlb_multihit mmio_unknown
bogomips	: 4400.24
clflush size	: 64
cache_alignment	: 64
address sizes	: 46 bits physical, 48 bits virtual
power management:

processor	: 9
vendor_id	: GenuineIntel
cpu family	: 6
model		: 62
model name	: Intel(R) Xeon(R) CPU E5-2660 v2 @ 2.20GHz
stepping	: 4
microcode	: 0x42e
cpu MHz		: 2871.305
cache size	: 25600 KB
physical id	: 1
siblings	: 20
core id		: 4
cpu cores	: 10
apicid		: 40
initial apicid	: 40
fpu		: yes
fpu_exception	: yes
cpuid level	: 13
wp		: yes
flags		: fpu vme de pse tsc msr pae mce cx8 apic sep mtrr pge mca cmov pat pse36 clflush dts acpi mmx fxsr sse sse2 ss ht tm pbe syscall nx pdpe1gb rdtscp lm constant_tsc arch_perfmon pebs bts rep_good nopl xtopology nonstop_tsc cpuid aperfmperf pni pclmulqdq dtes64 monitor ds_cpl vmx smx est tm2 ssse3 cx16 xtpr pdcm pcid dca sse4_1 sse4_2 x2apic popcnt tsc_deadline_timer aes xsave avx f16c rdrand lahf_lm cpuid_fault ssbd ibrs ibpb stibp tpr_shadow flexpriority ept vpid fsgsbase smep erms xsaveopt dtherm ida arat pln pts vnmi md_clear flush_l1d
vmx flags	: vnmi preemption_timer posted_intr invvpid ept_x_only ept_1gb flexpriority apicv tsc_offset vtpr mtf vapic ept vpid unrestricted_guest vapic_reg vid ple
bugs		: cpu_meltdown spectre_v1 spectre_v2 spec_store_bypass l1tf mds swapgs itlb_multihit mmio_unknown
bogomips	: 4400.24
clflush size	: 64
cache_alignment	: 64
address sizes	: 46 bits physical, 48 bits virtual
power management:

processor	: 10
vendor_id	: GenuineIntel
cpu family	: 6
model		: 62
model name	: Intel(R) Xeon(R) CPU E5-2660 v2 @ 2.20GHz
stepping	: 4
microcode	: 0x42e
cpu MHz		: 2599.757
cache size	: 25600 KB
physical id	: 0
siblings	: 20
core id		: 8
cpu cores	: 10
apicid		: 16
initial apicid	: 16
fpu		: yes
fpu_exception	: yes
cpuid level	: 13
wp		: yes
flags		: fpu vme de pse tsc msr pae mce cx8 apic sep mtrr pge mca cmov pat pse36 clflush dts acpi mmx fxsr sse sse2 ss ht tm pbe syscall nx pdpe1gb rdtscp lm constant_tsc arch_perfmon pebs bts rep_good nopl xtopology nonstop_tsc cpuid aperfmperf pni pclmulqdq dtes64 monitor ds_cpl vmx smx est tm2 ssse3 cx16 xtpr pdcm pcid dca sse4_1 sse4_2 x2apic popcnt tsc_deadline_timer aes xsave avx f16c rdrand lahf_lm cpuid_fault ssbd ibrs ibpb stibp tpr_shadow flexpriority ept vpid fsgsbase smep erms xsaveopt dtherm ida arat pln pts vnmi md_clear flush_l1d
vmx flags	: vnmi preemption_timer posted_intr invvpid ept_x_only ept_1gb flexpriority apicv tsc_offset vtpr mtf vapic ept vpid unrestricted_guest vapic_reg vid ple
bugs		: cpu_meltdown spectre_v1 spectre_v2 spec_store_bypass l1tf mds swapgs itlb_multihit mmio_unknown
bogomips	: 4400.24
clflush size	: 64
cache_alignment	: 64
address sizes	: 46 bits physical, 48 bits virtual
power management:

processor	: 11
vendor_id	: GenuineIntel
cpu family	: 6
model		: 62
model name	: Intel(R) Xeon(R) CPU E5-2660 v2 @ 2.20GHz
stepping	: 4
microcode	: 0x42e
cpu MHz		: 2644.869
cache size	: 25600 KB
physical id	: 1
siblings	: 20
core id		: 8
cpu cores	: 10
apicid		: 48
initial apicid	: 48
fpu		: yes
fpu_exception	: yes
cpuid level	: 13
wp		: yes
flags		: fpu vme de pse tsc msr pae mce cx8 apic sep mtrr pge mca cmov pat pse36 clflush dts acpi mmx fxsr sse sse2 ss ht tm pbe syscall nx pdpe1gb rdtscp lm constant_tsc arch_perfmon pebs bts rep_good nopl xtopology nonstop_tsc cpuid aperfmperf pni pclmulqdq dtes64 monitor ds_cpl vmx smx est tm2 ssse3 cx16 xtpr pdcm pcid dca sse4_1 sse4_2 x2apic popcnt tsc_deadline_timer aes xsave avx f16c rdrand lahf_lm cpuid_fault ssbd ibrs ibpb stibp tpr_shadow flexpriority ept vpid fsgsbase smep erms xsaveopt dtherm ida arat pln pts vnmi md_clear flush_l1d
vmx flags	: vnmi preemption_timer posted_intr invvpid ept_x_only ept_1gb flexpriority apicv tsc_offset vtpr mtf vapic ept vpid unrestricted_guest vapic_reg vid ple
bugs		: cpu_meltdown spectre_v1 spectre_v2 spec_store_bypass l1tf mds swapgs itlb_multihit mmio_unknown
bogomips	: 4400.24
clflush size	: 64
cache_alignment	: 64
address sizes	: 46 bits physical, 48 bits virtual
power management:

processor	: 12
vendor_id	: GenuineIntel
cpu family	: 6
model		: 62
model name	: Intel(R) Xeon(R) CPU E5-2660 v2 @ 2.20GHz
stepping	: 4
microcode	: 0x42e
cpu MHz		: 1200.000
cache size	: 25600 KB
physical id	: 0
siblings	: 20
core id		: 9
cpu cores	: 10
apicid		: 18
initial apicid	: 18
fpu		: yes
fpu_exception	: yes
cpuid level	: 13
wp		: yes
flags		: fpu vme de pse tsc msr pae mce cx8 apic sep mtrr pge mca cmov pat pse36 clflush dts acpi mmx fxsr sse sse2 ss ht tm pbe syscall nx pdpe1gb rdtscp lm constant_tsc arch_perfmon pebs bts rep_good nopl xtopology nonstop_tsc cpuid aperfmperf pni pclmulqdq dtes64 monitor ds_cpl vmx smx est tm2 ssse3 cx16 xtpr pdcm pcid dca sse4_1 sse4_2 x2apic popcnt tsc_deadline_timer aes xsave avx f16c rdrand lahf_lm cpuid_fault ssbd ibrs ibpb stibp tpr_shadow flexpriority ept vpid fsgsbase smep erms xsaveopt dtherm ida arat pln pts vnmi md_clear flush_l1d
vmx flags	: vnmi preemption_timer posted_intr invvpid ept_x_only ept_1gb flexpriority apicv tsc_offset vtpr mtf vapic ept vpid unrestricted_guest vapic_reg vid ple
bugs		: cpu_meltdown spectre_v1 spectre_v2 spec_store_bypass l1tf mds swapgs itlb_multihit mmio_unknown
bogomips	: 4400.24
clflush size	: 64
cache_alignment	: 64
address sizes	: 46 bits physical, 48 bits virtual
power management:

processor	: 13
vendor_id	: GenuineIntel
cpu family	: 6
model		: 62
model name	: Intel(R) Xeon(R) CPU E5-2660 v2 @ 2.20GHz
stepping	: 4
microcode	: 0x42e
cpu MHz		: 1200.000
cache size	: 25600 KB
physical id	: 1
siblings	: 20
core id		: 9
cpu cores	: 10
apicid		: 50
initial apicid	: 50
fpu		: yes
fpu_exception	: yes
cpuid level	: 13
wp		: yes
flags		: fpu vme de pse tsc msr pae mce cx8 apic sep mtrr pge mca cmov pat pse36 clflush dts acpi mmx fxsr sse sse2 ss ht tm pbe syscall nx pdpe1gb rdtscp lm constant_tsc arch_perfmon pebs bts rep_good nopl xtopology nonstop_tsc cpuid aperfmperf pni pclmulqdq dtes64 monitor ds_cpl vmx smx est tm2 ssse3 cx16 xtpr pdcm pcid dca sse4_1 sse4_2 x2apic popcnt tsc_deadline_timer aes xsave avx f16c rdrand lahf_lm cpuid_fault ssbd ibrs ibpb stibp tpr_shadow flexpriority ept vpid fsgsbase smep erms xsaveopt dtherm ida arat pln pts vnmi md_clear flush_l1d
vmx flags	: vnmi preemption_timer posted_intr invvpid ept_x_only ept_1gb flexpriority apicv tsc_offset vtpr mtf vapic ept vpid unrestricted_guest vapic_reg vid ple
bugs		: cpu_meltdown spectre_v1 spectre_v2 spec_store_bypass l1tf mds swapgs itlb_multihit mmio_unknown
bogomips	: 4400.24
clflush size	: 64
cache_alignment	: 64
address sizes	: 46 bits physical, 48 bits virtual
power management:

processor	: 14
vendor_id	: GenuineIntel
cpu family	: 6
model		: 62
model name	: Intel(R) Xeon(R) CPU E5-2660 v2 @ 2.20GHz
stepping	: 4
microcode	: 0x42e
cpu MHz		: 1200.000
cache size	: 25600 KB
physical id	: 0
siblings	: 20
core id		: 10
cpu cores	: 10
apicid		: 20
initial apicid	: 20
fpu		: yes
fpu_exception	: yes
cpuid level	: 13
wp		: yes
flags		: fpu vme de pse tsc msr pae mce cx8 apic sep mtrr pge mca cmov pat pse36 clflush dts acpi mmx fxsr sse sse2 ss ht tm pbe syscall nx pdpe1gb rdtscp lm constant_tsc arch_perfmon pebs bts rep_good nopl xtopology nonstop_tsc cpuid aperfmperf pni pclmulqdq dtes64 monitor ds_cpl vmx smx est tm2 ssse3 cx16 xtpr pdcm pcid dca sse4_1 sse4_2 x2apic popcnt tsc_deadline_timer aes xsave avx f16c rdrand lahf_lm cpuid_fault ssbd ibrs ibpb stibp tpr_shadow flexpriority ept vpid fsgsbase smep erms xsaveopt dtherm ida arat pln pts vnmi md_clear flush_l1d
vmx flags	: vnmi preemption_timer posted_intr invvpid ept_x_only ept_1gb flexpriority apicv tsc_offset vtpr mtf vapic ept vpid unrestricted_guest vapic_reg vid ple
bugs		: cpu_meltdown spectre_v1 spectre_v2 spec_store_bypass l1tf mds swapgs itlb_multihit mmio_unknown
bogomips	: 4400.24
clflush size	: 64
cache_alignment	: 64
address sizes	: 46 bits physical, 48 bits virtual
power management:

processor	: 15
vendor_id	: GenuineIntel
cpu family	: 6
model		: 62
model name	: Intel(R) Xeon(R) CPU E5-2660 v2 @ 2.20GHz
stepping	: 4
microcode	: 0x42e
cpu MHz		: 2680.453
cache size	: 25600 KB
physical id	: 1
siblings	: 20
core id		: 10
cpu cores	: 10
apicid		: 52
initial apicid	: 52
fpu		: yes
fpu_exception	: yes
cpuid level	: 13
wp		: yes
flags		: fpu vme de pse tsc msr pae mce cx8 apic sep mtrr pge mca cmov pat pse36 clflush dts acpi mmx fxsr sse sse2 ss ht tm pbe syscall nx pdpe1gb rdtscp lm constant_tsc arch_perfmon pebs bts rep_good nopl xtopology nonstop_tsc cpuid aperfmperf pni pclmulqdq dtes64 monitor ds_cpl vmx smx est tm2 ssse3 cx16 xtpr pdcm pcid dca sse4_1 sse4_2 x2apic popcnt tsc_deadline_timer aes xsave avx f16c rdrand lahf_lm cpuid_fault ssbd ibrs ibpb stibp tpr_shadow flexpriority ept vpid fsgsbase smep erms xsaveopt dtherm ida arat pln pts vnmi md_clear flush_l1d
vmx flags	: vnmi preemption_timer posted_intr invvpid ept_x_only ept_1gb flexpriority apicv tsc_offset vtpr mtf vapic ept vpid unrestricted_guest vapic_reg vid ple
bugs		: cpu_meltdown spectre_v1 spectre_v2 spec_store_bypass l1tf mds swapgs itlb_multihit mmio_unknown
bogomips	: 4400.24
clflush size	: 64
cache_alignment	: 64
address sizes	: 46 bits physical, 48 bits virtual
power management:

processor	: 16
vendor_id	: GenuineIntel
cpu family	: 6
model		: 62
model name	: Intel(R) Xeon(R) CPU E5-2660 v2 @ 2.20GHz
stepping	: 4
microcode	: 0x42e
cpu MHz		: 1200.000
cache size	: 25600 KB
physical id	: 0
siblings	: 20
core id		: 11
cpu cores	: 10
apicid		: 22
initial apicid	: 22
fpu		: yes
fpu_exception	: yes
cpuid level	: 13
wp		: yes
flags		: fpu vme de pse tsc msr pae mce cx8 apic sep mtrr pge mca cmov pat pse36 clflush dts acpi mmx fxsr sse sse2 ss ht tm pbe syscall nx pdpe1gb rdtscp lm constant_tsc arch_perfmon pebs bts rep_good nopl xtopology nonstop_tsc cpuid aperfmperf pni pclmulqdq dtes64 monitor ds_cpl vmx smx est tm2 ssse3 cx16 xtpr pdcm pcid dca sse4_1 sse4_2 x2apic popcnt tsc_deadline_timer aes xsave avx f16c rdrand lahf_lm cpuid_fault ssbd ibrs ibpb stibp tpr_shadow flexpriority ept vpid fsgsbase smep erms xsaveopt dtherm ida arat pln pts vnmi md_clear flush_l1d
vmx flags	: vnmi preemption_timer posted_intr invvpid ept_x_only ept_1gb flexpriority apicv tsc_offset vtpr mtf vapic ept vpid unrestricted_guest vapic_reg vid ple
bugs		: cpu_meltdown spectre_v1 spectre_v2 spec_store_bypass l1tf mds swapgs itlb_multihit mmio_unknown
bogomips	: 4400.24
clflush size	: 64
cache_alignment	: 64
address sizes	: 46 bits physical, 48 bits virtual
power management:

processor	: 17
vendor_id	: GenuineIntel
cpu family	: 6
model		: 62
model name	: Intel(R) Xeon(R) CPU E5-2660 v2 @ 2.20GHz
stepping	: 4
microcode	: 0x42e
cpu MHz		: 1200.000
cache size	: 25600 KB
physical id	: 1
siblings	: 20
core id		: 11
cpu cores	: 10
apicid		: 54
initial apicid	: 54
fpu		: yes
fpu_exception	: yes
cpuid level	: 13
wp		: yes
flags		: fpu vme de pse tsc msr pae mce cx8 apic sep mtrr pge mca cmov pat pse36 clflush dts acpi mmx fxsr sse sse2 ss ht tm pbe syscall nx pdpe1gb rdtscp lm constant_tsc arch_perfmon pebs bts rep_good nopl xtopology nonstop_tsc cpuid aperfmperf pni pclmulqdq dtes64 monitor ds_cpl vmx smx est tm2 ssse3 cx16 xtpr pdcm pcid dca sse4_1 sse4_2 x2apic popcnt tsc_deadline_timer aes xsave avx f16c rdrand lahf_lm cpuid_fault ssbd ibrs ibpb stibp tpr_shadow flexpriority ept vpid fsgsbase smep erms xsaveopt dtherm ida arat pln pts vnmi md_clear flush_l1d
vmx flags	: vnmi preemption_timer posted_intr invvpid ept_x_only ept_1gb flexpriority apicv tsc_offset vtpr mtf vapic ept vpid unrestricted_guest vapic_reg vid ple
bugs		: cpu_meltdown spectre_v1 spectre_v2 spec_store_bypass l1tf mds swapgs itlb_multihit mmio_unknown
bogomips	: 4400.24
clflush size	: 64
cache_alignment	: 64
address sizes	: 46 bits physical, 48 bits virtual
power management:

processor	: 18
vendor_id	: GenuineIntel
cpu family	: 6
model		: 62
model name	: Intel(R) Xeon(R) CPU E5-2660 v2 @ 2.20GHz
stepping	: 4
microcode	: 0x42e
cpu MHz		: 1200.000
cache size	: 25600 KB
physical id	: 0
siblings	: 20
core id		: 12
cpu cores	: 10
apicid		: 24
initial apicid	: 24
fpu		: yes
fpu_exception	: yes
cpuid level	: 13
wp		: yes
flags		: fpu vme de pse tsc msr pae mce cx8 apic sep mtrr pge mca cmov pat pse36 clflush dts acpi mmx fxsr sse sse2 ss ht tm pbe syscall nx pdpe1gb rdtscp lm constant_tsc arch_perfmon pebs bts rep_good nopl xtopology nonstop_tsc cpuid aperfmperf pni pclmulqdq dtes64 monitor ds_cpl vmx smx est tm2 ssse3 cx16 xtpr pdcm pcid dca sse4_1 sse4_2 x2apic popcnt tsc_deadline_timer aes xsave avx f16c rdrand lahf_lm cpuid_fault ssbd ibrs ibpb stibp tpr_shadow flexpriority ept vpid fsgsbase smep erms xsaveopt dtherm ida arat pln pts vnmi md_clear flush_l1d
vmx flags	: vnmi preemption_timer posted_intr invvpid ept_x_only ept_1gb flexpriority apicv tsc_offset vtpr mtf vapic ept vpid unrestricted_guest vapic_reg vid ple
bugs		: cpu_meltdown spectre_v1 spectre_v2 spec_store_bypass l1tf mds swapgs itlb_multihit mmio_unknown
bogomips	: 4400.24
clflush size	: 64
cache_alignment	: 64
address sizes	: 46 bits physical, 48 bits virtual
power management:

processor	: 19
vendor_id	: GenuineIntel
cpu family	: 6
model		: 62
model name	: Intel(R) Xeon(R) CPU E5-2660 v2 @ 2.20GHz
stepping	: 4
microcode	: 0x42e
cpu MHz		: 1200.000
cache size	: 25600 KB
physical id	: 1
siblings	: 20
core id		: 12
cpu cores	: 10
apicid		: 56
initial apicid	: 56
fpu		: yes
fpu_exception	: yes
cpuid level	: 13
wp		: yes
flags		: fpu vme de pse tsc msr pae mce cx8 apic sep mtrr pge mca cmov pat pse36 clflush dts acpi mmx fxsr sse sse2 ss ht tm pbe syscall nx pdpe1gb rdtscp lm constant_tsc arch_perfmon pebs bts rep_good nopl xtopology nonstop_tsc cpuid aperfmperf pni pclmulqdq dtes64 monitor ds_cpl vmx smx est tm2 ssse3 cx16 xtpr pdcm pcid dca sse4_1 sse4_2 x2apic popcnt tsc_deadline_timer aes xsave avx f16c rdrand lahf_lm cpuid_fault ssbd ibrs ibpb stibp tpr_shadow flexpriority ept vpid fsgsbase smep erms xsaveopt dtherm ida arat pln pts vnmi md_clear flush_l1d
vmx flags	: vnmi preemption_timer posted_intr invvpid ept_x_only ept_1gb flexpriority apicv tsc_offset vtpr mtf vapic ept vpid unrestricted_guest vapic_reg vid ple
bugs		: cpu_meltdown spectre_v1 spectre_v2 spec_store_bypass l1tf mds swapgs itlb_multihit mmio_unknown
bogomips	: 4400.24
clflush size	: 64
cache_alignment	: 64
address sizes	: 46 bits physical, 48 bits virtual
power management:

processor	: 20
vendor_id	: GenuineIntel
cpu family	: 6
model		: 62
model name	: Intel(R) Xeon(R) CPU E5-2660 v2 @ 2.20GHz
stepping	: 4
microcode	: 0x42e
cpu MHz		: 2600.144
cache size	: 25600 KB
physical id	: 0
siblings	: 20
core id		: 0
cpu cores	: 10
apicid		: 1
initial apicid	: 1
fpu		: yes
fpu_exception	: yes
cpuid level	: 13
wp		: yes
flags		: fpu vme de pse tsc msr pae mce cx8 apic sep mtrr pge mca cmov pat pse36 clflush dts acpi mmx fxsr sse sse2 ss ht tm pbe syscall nx pdpe1gb rdtscp lm constant_tsc arch_perfmon pebs bts rep_good nopl xtopology nonstop_tsc cpuid aperfmperf pni pclmulqdq dtes64 monitor ds_cpl vmx smx est tm2 ssse3 cx16 xtpr pdcm pcid dca sse4_1 sse4_2 x2apic popcnt tsc_deadline_timer aes xsave avx f16c rdrand lahf_lm cpuid_fault ssbd ibrs ibpb stibp tpr_shadow flexpriority ept vpid fsgsbase smep erms xsaveopt dtherm ida arat pln pts vnmi md_clear flush_l1d
vmx flags	: vnmi preemption_timer posted_intr invvpid ept_x_only ept_1gb flexpriority apicv tsc_offset vtpr mtf vapic ept vpid unrestricted_guest vapic_reg vid ple
bugs		: cpu_meltdown spectre_v1 spectre_v2 spec_store_bypass l1tf mds swapgs itlb_multihit mmio_unknown
bogomips	: 4400.24
clflush size	: 64
cache_alignment	: 64
address sizes	: 46 bits physical, 48 bits virtual
power management:

processor	: 21
vendor_id	: GenuineIntel
cpu family	: 6
model		: 62
model name	: Intel(R) Xeon(R) CPU E5-2660 v2 @ 2.20GHz
stepping	: 4
microcode	: 0x42e
cpu MHz		: 1200.000
cache size	: 25600 KB
physical id	: 1
siblings	: 20
core id		: 0
cpu cores	: 10
apicid		: 33
initial apicid	: 33
fpu		: yes
fpu_exception	: yes
cpuid level	: 13
wp		: yes
flags		: fpu vme de pse tsc msr pae mce cx8 apic sep mtrr pge mca cmov pat pse36 clflush dts acpi mmx fxsr sse sse2 ss ht tm pbe syscall nx pdpe1gb rdtscp lm constant_tsc arch_perfmon pebs bts rep_good nopl xtopology nonstop_tsc cpuid aperfmperf pni pclmulqdq dtes64 monitor ds_cpl vmx smx est tm2 ssse3 cx16 xtpr pdcm pcid dca sse4_1 sse4_2 x2apic popcnt tsc_deadline_timer aes xsave avx f16c rdrand lahf_lm cpuid_fault ssbd ibrs ibpb stibp tpr_shadow flexpriority ept vpid fsgsbase smep erms xsaveopt dtherm ida arat pln pts vnmi md_clear flush_l1d
vmx flags	: vnmi preemption_timer posted_intr invvpid ept_x_only ept_1gb flexpriority apicv tsc_offset vtpr mtf vapic ept vpid unrestricted_guest vapic_reg vid ple
bugs		: cpu_meltdown spectre_v1 spectre_v2 spec_store_bypass l1tf mds swapgs itlb_multihit mmio_unknown
bogomips	: 4400.24
clflush size	: 64
cache_alignment	: 64
address sizes	: 46 bits physical, 48 bits virtual
power management:

processor	: 22
vendor_id	: GenuineIntel
cpu family	: 6
model		: 62
model name	: Intel(R) Xeon(R) CPU E5-2660 v2 @ 2.20GHz
stepping	: 4
microcode	: 0x42e
cpu MHz		: 1200.000
cache size	: 25600 KB
physical id	: 0
siblings	: 20
core id		: 1
cpu cores	: 10
apicid		: 3
initial apicid	: 3
fpu		: yes
fpu_exception	: yes
cpuid level	: 13
wp		: yes
flags		: fpu vme de pse tsc msr pae mce cx8 apic sep mtrr pge mca cmov pat pse36 clflush dts acpi mmx fxsr sse sse2 ss ht tm pbe syscall nx pdpe1gb rdtscp lm constant_tsc arch_perfmon pebs bts rep_good nopl xtopology nonstop_tsc cpuid aperfmperf pni pclmulqdq dtes64 monitor ds_cpl vmx smx est tm2 ssse3 cx16 xtpr pdcm pcid dca sse4_1 sse4_2 x2apic popcnt tsc_deadline_timer aes xsave avx f16c rdrand lahf_lm cpuid_fault ssbd ibrs ibpb stibp tpr_shadow flexpriority ept vpid fsgsbase smep erms xsaveopt dtherm ida arat pln pts vnmi md_clear flush_l1d
vmx flags	: vnmi preemption_timer posted_intr invvpid ept_x_only ept_1gb flexpriority apicv tsc_offset vtpr mtf vapic ept vpid unrestricted_guest vapic_reg vid ple
bugs		: cpu_meltdown spectre_v1 spectre_v2 spec_store_bypass l1tf mds swapgs itlb_multihit mmio_unknown
bogomips	: 4400.24
clflush size	: 64
cache_alignment	: 64
address sizes	: 46 bits physical, 48 bits virtual
power management:

processor	: 23
vendor_id	: GenuineIntel
cpu family	: 6
model		: 62
model name	: Intel(R) Xeon(R) CPU E5-2660 v2 @ 2.20GHz
stepping	: 4
microcode	: 0x42e
cpu MHz		: 1200.000
cache size	: 25600 KB
physical id	: 1
siblings	: 20
core id		: 1
cpu cores	: 10
apicid		: 35
initial apicid	: 35
fpu		: yes
fpu_exception	: yes
cpuid level	: 13
wp		: yes
flags		: fpu vme de pse tsc msr pae mce cx8 apic sep mtrr pge mca cmov pat pse36 clflush dts acpi mmx fxsr sse sse2 ss ht tm pbe syscall nx pdpe1gb rdtscp lm constant_tsc arch_perfmon pebs bts rep_good nopl xtopology nonstop_tsc cpuid aperfmperf pni pclmulqdq dtes64 monitor ds_cpl vmx smx est tm2 ssse3 cx16 xtpr pdcm pcid dca sse4_1 sse4_2 x2apic popcnt tsc_deadline_timer aes xsave avx f16c rdrand lahf_lm cpuid_fault ssbd ibrs ibpb stibp tpr_shadow flexpriority ept vpid fsgsbase smep erms xsaveopt dtherm ida arat pln pts vnmi md_clear flush_l1d
vmx flags	: vnmi preemption_timer posted_intr invvpid ept_x_only ept_1gb flexpriority apicv tsc_offset vtpr mtf vapic ept vpid unrestricted_guest vapic_reg vid ple
bugs		: cpu_meltdown spectre_v1 spectre_v2 spec_store_bypass l1tf mds swapgs itlb_multihit mmio_unknown
bogomips	: 4400.24
clflush size	: 64
cache_alignment	: 64
address sizes	: 46 bits physical, 48 bits virtual
power management:

processor	: 24
vendor_id	: GenuineIntel
cpu family	: 6
model		: 62
model name	: Intel(R) Xeon(R) CPU E5-2660 v2 @ 2.20GHz
stepping	: 4
microcode	: 0x42e
cpu MHz		: 2600.250
cache size	: 25600 KB
physical id	: 0
siblings	: 20
core id		: 2
cpu cores	: 10
apicid		: 5
initial apicid	: 5
fpu		: yes
fpu_exception	: yes
cpuid level	: 13
wp		: yes
flags		: fpu vme de pse tsc msr pae mce cx8 apic sep mtrr pge mca cmov pat pse36 clflush dts acpi mmx fxsr sse sse2 ss ht tm pbe syscall nx pdpe1gb rdtscp lm constant_tsc arch_perfmon pebs bts rep_good nopl xtopology nonstop_tsc cpuid aperfmperf pni pclmulqdq dtes64 monitor ds_cpl vmx smx est tm2 ssse3 cx16 xtpr pdcm pcid dca sse4_1 sse4_2 x2apic popcnt tsc_deadline_timer aes xsave avx f16c rdrand lahf_lm cpuid_fault ssbd ibrs ibpb stibp tpr_shadow flexpriority ept vpid fsgsbase smep erms xsaveopt dtherm ida arat pln pts vnmi md_clear flush_l1d
vmx flags	: vnmi preemption_timer posted_intr invvpid ept_x_only ept_1gb flexpriority apicv tsc_offset vtpr mtf vapic ept vpid unrestricted_guest vapic_reg vid ple
bugs		: cpu_meltdown spectre_v1 spectre_v2 spec_store_bypass l1tf mds swapgs itlb_multihit mmio_unknown
bogomips	: 4400.24
clflush size	: 64
cache_alignment	: 64
address sizes	: 46 bits physical, 48 bits virtual
power management:

processor	: 25
vendor_id	: GenuineIntel
cpu family	: 6
model		: 62
model name	: Intel(R) Xeon(R) CPU E5-2660 v2 @ 2.20GHz
stepping	: 4
microcode	: 0x42e
cpu MHz		: 1200.000
cache size	: 25600 KB
physical id	: 1
siblings	: 20
core id		: 2
cpu cores	: 10
apicid		: 37
initial apicid	: 37
fpu		: yes
fpu_exception	: yes
cpuid level	: 13
wp		: yes
flags		: fpu vme de pse tsc msr pae mce cx8 apic sep mtrr pge mca cmov pat pse36 clflush dts acpi mmx fxsr sse sse2 ss ht tm pbe syscall nx pdpe1gb rdtscp lm constant_tsc arch_perfmon pebs bts rep_good nopl xtopology nonstop_tsc cpuid aperfmperf pni pclmulqdq dtes64 monitor ds_cpl vmx smx est tm2 ssse3 cx16 xtpr pdcm pcid dca sse4_1 sse4_2 x2apic popcnt tsc_deadline_timer aes xsave avx f16c rdrand lahf_lm cpuid_fault ssbd ibrs ibpb stibp tpr_shadow flexpriority ept vpid fsgsbase smep erms xsaveopt dtherm ida arat pln pts vnmi md_clear flush_l1d
vmx flags	: vnmi preemption_timer posted_intr invvpid ept_x_only ept_1gb flexpriority apicv tsc_offset vtpr mtf vapic ept vpid unrestricted_guest vapic_reg vid ple
bugs		: cpu_meltdown spectre_v1 spectre_v2 spec_store_bypass l1tf mds swapgs itlb_multihit mmio_unknown
bogomips	: 4400.24
clflush size	: 64
cache_alignment	: 64
address sizes	: 46 bits physical, 48 bits virtual
power management:

processor	: 26
vendor_id	: GenuineIntel
cpu family	: 6
model		: 62
model name	: Intel(R) Xeon(R) CPU E5-2660 v2 @ 2.20GHz
stepping	: 4
microcode	: 0x42e
cpu MHz		: 2600.148
cache size	: 25600 KB
physical id	: 0
siblings	: 20
core id		: 3
cpu cores	: 10
apicid		: 7
initial apicid	: 7
fpu		: yes
fpu_exception	: yes
cpuid level	: 13
wp		: yes
flags		: fpu vme de pse tsc msr pae mce cx8 apic sep mtrr pge mca cmov pat pse36 clflush dts acpi mmx fxsr sse sse2 ss ht tm pbe syscall nx pdpe1gb rdtscp lm constant_tsc arch_perfmon pebs bts rep_good nopl xtopology nonstop_tsc cpuid aperfmperf pni pclmulqdq dtes64 monitor ds_cpl vmx smx est tm2 ssse3 cx16 xtpr pdcm pcid dca sse4_1 sse4_2 x2apic popcnt tsc_deadline_timer aes xsave avx f16c rdrand lahf_lm cpuid_fault ssbd ibrs ibpb stibp tpr_shadow flexpriority ept vpid fsgsbase smep erms xsaveopt dtherm ida arat pln pts vnmi md_clear flush_l1d
vmx flags	: vnmi preemption_timer posted_intr invvpid ept_x_only ept_1gb flexpriority apicv tsc_offset vtpr mtf vapic ept vpid unrestricted_guest vapic_reg vid ple
bugs		: cpu_meltdown spectre_v1 spectre_v2 spec_store_bypass l1tf mds swapgs itlb_multihit mmio_unknown
bogomips	: 4400.24
clflush size	: 64
cache_alignment	: 64
address sizes	: 46 bits physical, 48 bits virtual
power management:

processor	: 27
vendor_id	: GenuineIntel
cpu family	: 6
model		: 62
model name	: Intel(R) Xeon(R) CPU E5-2660 v2 @ 2.20GHz
stepping	: 4
microcode	: 0x42e
cpu MHz		: 2615.918
cache size	: 25600 KB
physical id	: 1
siblings	: 20
core id		: 3
cpu cores	: 10
apicid		: 39
initial apicid	: 39
fpu		: yes
fpu_exception	: yes
cpuid level	: 13
wp		: yes
flags		: fpu vme de pse tsc msr pae mce cx8 apic sep mtrr pge mca cmov pat pse36 clflush dts acpi mmx fxsr sse sse2 ss ht tm pbe syscall nx pdpe1gb rdtscp lm constant_tsc arch_perfmon pebs bts rep_good nopl xtopology nonstop_tsc cpuid aperfmperf pni pclmulqdq dtes64 monitor ds_cpl vmx smx est tm2 ssse3 cx16 xtpr pdcm pcid dca sse4_1 sse4_2 x2apic popcnt tsc_deadline_timer aes xsave avx f16c rdrand lahf_lm cpuid_fault ssbd ibrs ibpb stibp tpr_shadow flexpriority ept vpid fsgsbase smep erms xsaveopt dtherm ida arat pln pts vnmi md_clear flush_l1d
vmx flags	: vnmi preemption_timer posted_intr invvpid ept_x_only ept_1gb flexpriority apicv tsc_offset vtpr mtf vapic ept vpid unrestricted_guest vapic_reg vid ple
bugs		: cpu_meltdown spectre_v1 spectre_v2 spec_store_bypass l1tf mds swapgs itlb_multihit mmio_unknown
bogomips	: 4400.24
clflush size	: 64
cache_alignment	: 64
address sizes	: 46 bits physical, 48 bits virtual
power management:

processor	: 28
vendor_id	: GenuineIntel
cpu family	: 6
model		: 62
model name	: Intel(R) Xeon(R) CPU E5-2660 v2 @ 2.20GHz
stepping	: 4
microcode	: 0x42e
cpu MHz		: 2600.159
cache size	: 25600 KB
physical id	: 0
siblings	: 20
core id		: 4
cpu cores	: 10
apicid		: 9
initial apicid	: 9
fpu		: yes
fpu_exception	: yes
cpuid level	: 13
wp		: yes
flags		: fpu vme de pse tsc msr pae mce cx8 apic sep mtrr pge mca cmov pat pse36 clflush dts acpi mmx fxsr sse sse2 ss ht tm pbe syscall nx pdpe1gb rdtscp lm constant_tsc arch_perfmon pebs bts rep_good nopl xtopology nonstop_tsc cpuid aperfmperf pni pclmulqdq dtes64 monitor ds_cpl vmx smx est tm2 ssse3 cx16 xtpr pdcm pcid dca sse4_1 sse4_2 x2apic popcnt tsc_deadline_timer aes xsave avx f16c rdrand lahf_lm cpuid_fault ssbd ibrs ibpb stibp tpr_shadow flexpriority ept vpid fsgsbase smep erms xsaveopt dtherm ida arat pln pts vnmi md_clear flush_l1d
vmx flags	: vnmi preemption_timer posted_intr invvpid ept_x_only ept_1gb flexpriority apicv tsc_offset vtpr mtf vapic ept vpid unrestricted_guest vapic_reg vid ple
bugs		: cpu_meltdown spectre_v1 spectre_v2 spec_store_bypass l1tf mds swapgs itlb_multihit mmio_unknown
bogomips	: 4400.24
clflush size	: 64
cache_alignment	: 64
address sizes	: 46 bits physical, 48 bits virtual
power management:

processor	: 29
vendor_id	: GenuineIntel
cpu family	: 6
model		: 62
model name	: Intel(R) Xeon(R) CPU E5-2660 v2 @ 2.20GHz
stepping	: 4
microcode	: 0x42e
cpu MHz		: 1200.000
cache size	: 25600 KB
physical id	: 1
siblings	: 20
core id		: 4
cpu cores	: 10
apicid		: 41
initial apicid	: 41
fpu		: yes
fpu_exception	: yes
cpuid level	: 13
wp		: yes
flags		: fpu vme de pse tsc msr pae mce cx8 apic sep mtrr pge mca cmov pat pse36 clflush dts acpi mmx fxsr sse sse2 ss ht tm pbe syscall nx pdpe1gb rdtscp lm constant_tsc arch_perfmon pebs bts rep_good nopl xtopology nonstop_tsc cpuid aperfmperf pni pclmulqdq dtes64 monitor ds_cpl vmx smx est tm2 ssse3 cx16 xtpr pdcm pcid dca sse4_1 sse4_2 x2apic popcnt tsc_deadline_timer aes xsave avx f16c rdrand lahf_lm cpuid_fault ssbd ibrs ibpb stibp tpr_shadow flexpriority ept vpid fsgsbase smep erms xsaveopt dtherm ida arat pln pts vnmi md_clear flush_l1d
vmx flags	: vnmi preemption_timer posted_intr invvpid ept_x_only ept_1gb flexpriority apicv tsc_offset vtpr mtf vapic ept vpid unrestricted_guest vapic_reg vid ple
bugs		: cpu_meltdown spectre_v1 spectre_v2 spec_store_bypass l1tf mds swapgs itlb_multihit mmio_unknown
bogomips	: 4400.24
clflush size	: 64
cache_alignment	: 64
address sizes	: 46 bits physical, 48 bits virtual
power management:

processor	: 30
vendor_id	: GenuineIntel
cpu family	: 6
model		: 62
model name	: Intel(R) Xeon(R) CPU E5-2660 v2 @ 2.20GHz
stepping	: 4
microcode	: 0x42e
cpu MHz		: 2600.200
cache size	: 25600 KB
physical id	: 0
siblings	: 20
core id		: 8
cpu cores	: 10
apicid		: 17
initial apicid	: 17
fpu		: yes
fpu_exception	: yes
cpuid level	: 13
wp		: yes
flags		: fpu vme de pse tsc msr pae mce cx8 apic sep mtrr pge mca cmov pat pse36 clflush dts acpi mmx fxsr sse sse2 ss ht tm pbe syscall nx pdpe1gb rdtscp lm constant_tsc arch_perfmon pebs bts rep_good nopl xtopology nonstop_tsc cpuid aperfmperf pni pclmulqdq dtes64 monitor ds_cpl vmx smx est tm2 ssse3 cx16 xtpr pdcm pcid dca sse4_1 sse4_2 x2apic popcnt tsc_deadline_timer aes xsave avx f16c rdrand lahf_lm cpuid_fault ssbd ibrs ibpb stibp tpr_shadow flexpriority ept vpid fsgsbase smep erms xsaveopt dtherm ida arat pln pts vnmi md_clear flush_l1d
vmx flags	: vnmi preemption_timer posted_intr invvpid ept_x_only ept_1gb flexpriority apicv tsc_offset vtpr mtf vapic ept vpid unrestricted_guest vapic_reg vid ple
bugs		: cpu_meltdown spectre_v1 spectre_v2 spec_store_bypass l1tf mds swapgs itlb_multihit mmio_unknown
bogomips	: 4400.24
clflush size	: 64
cache_alignment	: 64
address sizes	: 46 bits physical, 48 bits virtual
power management:

processor	: 31
vendor_id	: GenuineIntel
cpu family	: 6
model		: 62
model name	: Intel(R) Xeon(R) CPU E5-2660 v2 @ 2.20GHz
stepping	: 4
microcode	: 0x42e
cpu MHz		: 2767.808
cache size	: 25600 KB
physical id	: 1
siblings	: 20
core id		: 8
cpu cores	: 10
apicid		: 49
initial apicid	: 49
fpu		: yes
fpu_exception	: yes
cpuid level	: 13
wp		: yes
flags		: fpu vme de pse tsc msr pae mce cx8 apic sep mtrr pge mca cmov pat pse36 clflush dts acpi mmx fxsr sse sse2 ss ht tm pbe syscall nx pdpe1gb rdtscp lm constant_tsc arch_perfmon pebs bts rep_good nopl xtopology nonstop_tsc cpuid aperfmperf pni pclmulqdq dtes64 monitor ds_cpl vmx smx est tm2 ssse3 cx16 xtpr pdcm pcid dca sse4_1 sse4_2 x2apic popcnt tsc_deadline_timer aes xsave avx f16c rdrand lahf_lm cpuid_fault ssbd ibrs ibpb stibp tpr_shadow flexpriority ept vpid fsgsbase smep erms xsaveopt dtherm ida arat pln pts vnmi md_clear flush_l1d
vmx flags	: vnmi preemption_timer posted_intr invvpid ept_x_only ept_1gb flexpriority apicv tsc_offset vtpr mtf vapic ept vpid unrestricted_guest vapic_reg vid ple
bugs		: cpu_meltdown spectre_v1 spectre_v2 spec_store_bypass l1tf mds swapgs itlb_multihit mmio_unknown
bogomips	: 4400.24
clflush size	: 64
cache_alignment	: 64
address sizes	: 46 bits physical, 48 bits virtual
power management:

processor	: 32
vendor_id	: GenuineIntel
cpu family	: 6
model		: 62
model name	: Intel(R) Xeon(R) CPU E5-2660 v2 @ 2.20GHz
stepping	: 4
microcode	: 0x42e
cpu MHz		: 1200.000
cache size	: 25600 KB
physical id	: 0
siblings	: 20
core id		: 9
cpu cores	: 10
apicid		: 19
initial apicid	: 19
fpu		: yes
fpu_exception	: yes
cpuid level	: 13
wp		: yes
flags		: fpu vme de pse tsc msr pae mce cx8 apic sep mtrr pge mca cmov pat pse36 clflush dts acpi mmx fxsr sse sse2 ss ht tm pbe syscall nx pdpe1gb rdtscp lm constant_tsc arch_perfmon pebs bts rep_good nopl xtopology nonstop_tsc cpuid aperfmperf pni pclmulqdq dtes64 monitor ds_cpl vmx smx est tm2 ssse3 cx16 xtpr pdcm pcid dca sse4_1 sse4_2 x2apic popcnt tsc_deadline_timer aes xsave avx f16c rdrand lahf_lm cpuid_fault ssbd ibrs ibpb stibp tpr_shadow flexpriority ept vpid fsgsbase smep erms xsaveopt dtherm ida arat pln pts vnmi md_clear flush_l1d
vmx flags	: vnmi preemption_timer posted_intr invvpid ept_x_only ept_1gb flexpriority apicv tsc_offset vtpr mtf vapic ept vpid unrestricted_guest vapic_reg vid ple
bugs		: cpu_meltdown spectre_v1 spectre_v2 spec_store_bypass l1tf mds swapgs itlb_multihit mmio_unknown
bogomips	: 4400.24
clflush size	: 64
cache_alignment	: 64
address sizes	: 46 bits physical, 48 bits virtual
power management:

processor	: 33
vendor_id	: GenuineIntel
cpu family	: 6
model		: 62
model name	: Intel(R) Xeon(R) CPU E5-2660 v2 @ 2.20GHz
stepping	: 4
microcode	: 0x42e
cpu MHz		: 1200.000
cache size	: 25600 KB
physical id	: 1
siblings	: 20
core id		: 9
cpu cores	: 10
apicid		: 51
initial apicid	: 51
fpu		: yes
fpu_exception	: yes
cpuid level	: 13
wp		: yes
flags		: fpu vme de pse tsc msr pae mce cx8 apic sep mtrr pge mca cmov pat pse36 clflush dts acpi mmx fxsr sse sse2 ss ht tm pbe syscall nx pdpe1gb rdtscp lm constant_tsc arch_perfmon pebs bts rep_good nopl xtopology nonstop_tsc cpuid aperfmperf pni pclmulqdq dtes64 monitor ds_cpl vmx smx est tm2 ssse3 cx16 xtpr pdcm pcid dca sse4_1 sse4_2 x2apic popcnt tsc_deadline_timer aes xsave avx f16c rdrand lahf_lm cpuid_fault ssbd ibrs ibpb stibp tpr_shadow flexpriority ept vpid fsgsbase smep erms xsaveopt dtherm ida arat pln pts vnmi md_clear flush_l1d
vmx flags	: vnmi preemption_timer posted_intr invvpid ept_x_only ept_1gb flexpriority apicv tsc_offset vtpr mtf vapic ept vpid unrestricted_guest vapic_reg vid ple
bugs		: cpu_meltdown spectre_v1 spectre_v2 spec_store_bypass l1tf mds swapgs itlb_multihit mmio_unknown
bogomips	: 4400.24
clflush size	: 64
cache_alignment	: 64
address sizes	: 46 bits physical, 48 bits virtual
power management:

processor	: 34
vendor_id	: GenuineIntel
cpu family	: 6
model		: 62
model name	: Intel(R) Xeon(R) CPU E5-2660 v2 @ 2.20GHz
stepping	: 4
microcode	: 0x42e
cpu MHz		: 2600.149
cache size	: 25600 KB
physical id	: 0
siblings	: 20
core id		: 10
cpu cores	: 10
apicid		: 21
initial apicid	: 21
fpu		: yes
fpu_exception	: yes
cpuid level	: 13
wp		: yes
flags		: fpu vme de pse tsc msr pae mce cx8 apic sep mtrr pge mca cmov pat pse36 clflush dts acpi mmx fxsr sse sse2 ss ht tm pbe syscall nx pdpe1gb rdtscp lm constant_tsc arch_perfmon pebs bts rep_good nopl xtopology nonstop_tsc cpuid aperfmperf pni pclmulqdq dtes64 monitor ds_cpl vmx smx est tm2 ssse3 cx16 xtpr pdcm pcid dca sse4_1 sse4_2 x2apic popcnt tsc_deadline_timer aes xsave avx f16c rdrand lahf_lm cpuid_fault ssbd ibrs ibpb stibp tpr_shadow flexpriority ept vpid fsgsbase smep erms xsaveopt dtherm ida arat pln pts vnmi md_clear flush_l1d
vmx flags	: vnmi preemption_timer posted_intr invvpid ept_x_only ept_1gb flexpriority apicv tsc_offset vtpr mtf vapic ept vpid unrestricted_guest vapic_reg vid ple
bugs		: cpu_meltdown spectre_v1 spectre_v2 spec_store_bypass l1tf mds swapgs itlb_multihit mmio_unknown
bogomips	: 4400.24
clflush size	: 64
cache_alignment	: 64
address sizes	: 46 bits physical, 48 bits virtual
power management:

processor	: 35
vendor_id	: GenuineIntel
cpu family	: 6
model		: 62
model name	: Intel(R) Xeon(R) CPU E5-2660 v2 @ 2.20GHz
stepping	: 4
microcode	: 0x42e
cpu MHz		: 1200.000
cache size	: 25600 KB
physical id	: 1
siblings	: 20
core id		: 10
cpu cores	: 10
apicid		: 53
initial apicid	: 53
fpu		: yes
fpu_exception	: yes
cpuid level	: 13
wp		: yes
flags		: fpu vme de pse tsc msr pae mce cx8 apic sep mtrr pge mca cmov pat pse36 clflush dts acpi mmx fxsr sse sse2 ss ht tm pbe syscall nx pdpe1gb rdtscp lm constant_tsc arch_perfmon pebs bts rep_good nopl xtopology nonstop_tsc cpuid aperfmperf pni pclmulqdq dtes64 monitor ds_cpl vmx smx est tm2 ssse3 cx16 xtpr pdcm pcid dca sse4_1 sse4_2 x2apic popcnt tsc_deadline_timer aes xsave avx f16c rdrand lahf_lm cpuid_fault ssbd ibrs ibpb stibp tpr_shadow flexpriority ept vpid fsgsbase smep erms xsaveopt dtherm ida arat pln pts vnmi md_clear flush_l1d
vmx flags	: vnmi preemption_timer posted_intr invvpid ept_x_only ept_1gb flexpriority apicv tsc_offset vtpr mtf vapic ept vpid unrestricted_guest vapic_reg vid ple
bugs		: cpu_meltdown spectre_v1 spectre_v2 spec_store_bypass l1tf mds swapgs itlb_multihit mmio_unknown
bogomips	: 4400.24
clflush size	: 64
cache_alignment	: 64
address sizes	: 46 bits physical, 48 bits virtual
power management:

processor	: 36
vendor_id	: GenuineIntel
cpu family	: 6
model		: 62
model name	: Intel(R) Xeon(R) CPU E5-2660 v2 @ 2.20GHz
stepping	: 4
microcode	: 0x42e
cpu MHz		: 2600.146
cache size	: 25600 KB
physical id	: 0
siblings	: 20
core id		: 11
cpu cores	: 10
apicid		: 23
initial apicid	: 23
fpu		: yes
fpu_exception	: yes
cpuid level	: 13
wp		: yes
flags		: fpu vme de pse tsc msr pae mce cx8 apic sep mtrr pge mca cmov pat pse36 clflush dts acpi mmx fxsr sse sse2 ss ht tm pbe syscall nx pdpe1gb rdtscp lm constant_tsc arch_perfmon pebs bts rep_good nopl xtopology nonstop_tsc cpuid aperfmperf pni pclmulqdq dtes64 monitor ds_cpl vmx smx est tm2 ssse3 cx16 xtpr pdcm pcid dca sse4_1 sse4_2 x2apic popcnt tsc_deadline_timer aes xsave avx f16c rdrand lahf_lm cpuid_fault ssbd ibrs ibpb stibp tpr_shadow flexpriority ept vpid fsgsbase smep erms xsaveopt dtherm ida arat pln pts vnmi md_clear flush_l1d
vmx flags	: vnmi preemption_timer posted_intr invvpid ept_x_only ept_1gb flexpriority apicv tsc_offset vtpr mtf vapic ept vpid unrestricted_guest vapic_reg vid ple
bugs		: cpu_meltdown spectre_v1 spectre_v2 spec_store_bypass l1tf mds swapgs itlb_multihit mmio_unknown
bogomips	: 4400.24
clflush size	: 64
cache_alignment	: 64
address sizes	: 46 bits physical, 48 bits virtual
power management:

processor	: 37
vendor_id	: GenuineIntel
cpu family	: 6
model		: 62
model name	: Intel(R) Xeon(R) CPU E5-2660 v2 @ 2.20GHz
stepping	: 4
microcode	: 0x42e
cpu MHz		: 1200.000
cache size	: 25600 KB
physical id	: 1
siblings	: 20
core id		: 11
cpu cores	: 10
apicid		: 55
initial apicid	: 55
fpu		: yes
fpu_exception	: yes
cpuid level	: 13
wp		: yes
flags		: fpu vme de pse tsc msr pae mce cx8 apic sep mtrr pge mca cmov pat pse36 clflush dts acpi mmx fxsr sse sse2 ss ht tm pbe syscall nx pdpe1gb rdtscp lm constant_tsc arch_perfmon pebs bts rep_good nopl xtopology nonstop_tsc cpuid aperfmperf pni pclmulqdq dtes64 monitor ds_cpl vmx smx est tm2 ssse3 cx16 xtpr pdcm pcid dca sse4_1 sse4_2 x2apic popcnt tsc_deadline_timer aes xsave avx f16c rdrand lahf_lm cpuid_fault ssbd ibrs ibpb stibp tpr_shadow flexpriority ept vpid fsgsbase smep erms xsaveopt dtherm ida arat pln pts vnmi md_clear flush_l1d
vmx flags	: vnmi preemption_timer posted_intr invvpid ept_x_only ept_1gb flexpriority apicv tsc_offset vtpr mtf vapic ept vpid unrestricted_guest vapic_reg vid ple
bugs		: cpu_meltdown spectre_v1 spectre_v2 spec_store_bypass l1tf mds swapgs itlb_multihit mmio_unknown
bogomips	: 4400.24
clflush size	: 64
cache_alignment	: 64
address sizes	: 46 bits physical, 48 bits virtual
power management:

processor	: 38
vendor_id	: GenuineIntel
cpu family	: 6
model		: 62
model name	: Intel(R) Xeon(R) CPU E5-2660 v2 @ 2.20GHz
stepping	: 4
microcode	: 0x42e
cpu MHz		: 2600.142
cache size	: 25600 KB
physical id	: 0
siblings	: 20
core id		: 12
cpu cores	: 10
apicid		: 25
initial apicid	: 25
fpu		: yes
fpu_exception	: yes
cpuid level	: 13
wp		: yes
flags		: fpu vme de pse tsc msr pae mce cx8 apic sep mtrr pge mca cmov pat pse36 clflush dts acpi mmx fxsr sse sse2 ss ht tm pbe syscall nx pdpe1gb rdtscp lm constant_tsc arch_perfmon pebs bts rep_good nopl xtopology nonstop_tsc cpuid aperfmperf pni pclmulqdq dtes64 monitor ds_cpl vmx smx est tm2 ssse3 cx16 xtpr pdcm pcid dca sse4_1 sse4_2 x2apic popcnt tsc_deadline_timer aes xsave avx f16c rdrand lahf_lm cpuid_fault ssbd ibrs ibpb stibp tpr_shadow flexpriority ept vpid fsgsbase smep erms xsaveopt dtherm ida arat pln pts vnmi md_clear flush_l1d
vmx flags	: vnmi preemption_timer posted_intr invvpid ept_x_only ept_1gb flexpriority apicv tsc_offset vtpr mtf vapic ept vpid unrestricted_guest vapic_reg vid ple
bugs		: cpu_meltdown spectre_v1 spectre_v2 spec_store_bypass l1tf mds swapgs itlb_multihit mmio_unknown
bogomips	: 4400.24
clflush size	: 64
cache_alignment	: 64
address sizes	: 46 bits physical, 48 bits virtual
power management:

processor	: 39
vendor_id	: GenuineIntel
cpu family	: 6
model		: 62
model name	: Intel(R) Xeon(R) CPU E5-2660 v2 @ 2.20GHz
stepping	: 4
microcode	: 0x42e
cpu MHz		: 2791.814
cache size	: 25600 KB
physical id	: 1
siblings	: 20
core id		: 12
cpu cores	: 10
apicid		: 57
initial apicid	: 57
fpu		: yes
fpu_exception	: yes
cpuid level	: 13
wp		: yes
flags		: fpu vme de pse tsc msr pae mce cx8 apic sep mtrr pge mca cmov pat pse36 clflush dts acpi mmx fxsr sse sse2 ss ht tm pbe syscall nx pdpe1gb rdtscp lm constant_tsc arch_perfmon pebs bts rep_good nopl xtopology nonstop_tsc cpuid aperfmperf pni pclmulqdq dtes64 monitor ds_cpl vmx smx est tm2 ssse3 cx16 xtpr pdcm pcid dca sse4_1 sse4_2 x2apic popcnt tsc_deadline_timer aes xsave avx f16c rdrand lahf_lm cpuid_fault ssbd ibrs ibpb stibp tpr_shadow flexpriority ept vpid fsgsbase smep erms xsaveopt dtherm ida arat pln pts vnmi md_clear flush_l1d
vmx flags	: vnmi preemption_timer posted_intr invvpid ept_x_only ept_1gb flexpriority apicv tsc_offset vtpr mtf vapic ept vpid unrestricted_guest vapic_reg vid ple
bugs		: cpu_meltdown spectre_v1 spectre_v2 spec_store_bypass l1tf mds swapgs itlb_multihit mmio_unknown
bogomips	: 4400.24
clflush size	: 64
cache_alignment	: 64
address sizes	: 46 bits physical, 48 bits virtual
power management:



Memory: 4k page, physical 32836540k(13859624k free), swap 33554428k(29976572k free)

vm_info: Java HotSpot(TM) 64-Bit Server VM (25.401-b10) for linux-amd64 JRE (1.8.0_401-b10), built on Dec 19 2023 12:39:06 by "java_re" with gcc 11.2.0

time: Fri Jun  7 17:31:13 2024
timezone: CST
elapsed time: 0.647494 seconds (0d 0h 0m 0s)

